965
119 90
118 89
117 88
116 87
115 86
114 86
113 85
112 84
111 83
110 82
109 81
108 80
107 79
106 78
105 77
104 76
103 75
102 74
101 73
100 72
99 71
98 70
97 69
96 68
95 67
94 66
93 65
92 64
91 63
90 62
89 61
88 60
87 59
86 58
85 57
84 56
83 55
82 54
81 53
80 52
79 51
78 50
77 49
76 48
75 47
74 46
75 45
76 44
77 43
78 42
79 41
80 40
81 39
82 38
83 37
84 36
85 35
86 34
77 50
76 51
75 52
74 53
73 54
72 55
71 56
70 55
69 54
68 53
67 52
66 51
65 50
64 49
63 48
62 47
61 46
60 45
59 44
58 45
57 46
56 47
55 46
54 45
53 44
52 43
51 42
51 41
52 40
53 39
54 38
55 37
56 36
57 35
58 34
59 33
60 32
61 31
62 31
63 32
64 33
65 34
51 44
50 45
49 46
48 47
47 46
46 46
45 47
86 56
89 59
90 58
91 57
92 56
93 56
95 69
94 70
93 71
92 71
103 73
104 72
105 71
106 70
107 69
108 68
109 67
110 66
111 65
110 64
109 63
108 62
107 61
106 60
105 59
104 58
105 57
106 56
107 55
108 54
109 53
108 52
107 51
106 50
105 49
104 48
103 47
102 46
101 45
100 44
99 43
99 42
100 41
101 40
102 39
103 38
104 37
105 36
106 35
107 34
110 53
111 54
112 55
112 65
102 76
101 77
100 78
99 79
98 80
97 81
96 82
95 83
94 84
93 85
93 86
120 91
121 92
122 93
123 94
124 95
125 96
125 97
126 98
127 99
126 100
125 101
124 102
123 103
122 104
121 105
120 106
119 106
118 105
117 104
116 104
115 105
114 106
113 107
112 107
111 108
110 109
109 110
108 111
107 112
106 113
105 114
104 115
103 116
102 117
101 116
100 115
99 114
98 113
97 112
96 111
95 110
94 109
93 108
92 108
101 118
100 119
99 120
98 119
97 119
96 120
95 121
94 122
93 123
92 123
91 122
90 121
89 120
88 121
87 122
86 123
85 124
84 125
83 126
82 127
81 128
80 129
79 130
78 131
77 130
76 129
75 128
74 127
73 126
72 125
71 124
71 123
70 122
69 121
68 120
67 119
66 118
65 117
64 116
64 115
65 114
66 113
67 112
68 111
69 110
70 109
71 108
77 132
76 133
75 132
74 132
73 133
72 134
71 135
70 136
69 137
68 138
67 139
66 140
65 141
64 142
63 141
62 140
61 139
60 138
59 138
58 139
57 140
56 141
55 140
54 139
53 138
52 137
51 136
50 135
49 134
48 133
47 132
46 131
46 130
45 129
44 128
43 127
42 126
41 125
40 124
39 123
38 122
37 122
36 121
35 120
34 119
33 118
32 117
31 116
30 115
29 114
28 114
27 113
26 112
25 111
24 110
23 109
22 108
21 107
20 106
19 105
18 104
18 103
19 102
20 101
21 100
22 99
23 98
24 97
25 96
26 95
27 94
28 93
36 123
35 124
34 125
33 126
41 124
42 123
43 122
44 121
45 120
46 119
47 118
47 119
48 120
48 117
49 116
50 115
49 114
48 114
47 113
46 112
47 111
48 110
49 109
50 108
50 107
49 106
48 105
47 104
46 103
45 102
44 101
43 100
42 99
42 98
43 97
44 96
45 95
46 94
47 93
48 92
47 91
46 90
45 89
44 88
43 87
42 86
41 85
40 84
39 83
38 82
37 81
36 80
35 79
34 78
33 77
32 76
31 75
30 74
29 73
28 72
49 91
50 90
51 89
52 88
53 87
54 86
55 85
56 84
57 83
58 82
59 81
60 80
59 79
58 78
57 77
56 76
55 75
54 74
53 73
52 72
51 71
50 70
49 69
48 68
47 67
46 66
45 65
44 64
43 63
42 62
41 61
40 60
39 59
38 58
37 57
36 56
35 55
34 54
33 53
32 52
33 51
61 79
62 78
63 77
64 78
65 77
66 76
67 75
68 74
69 73
70 72
71 71
65 79
66 80
67 81
68 82
69 83
70 84
71 85
72 86
51 108
51 114
65 143
77 134
78 135
79 136
80 137
81 138
82 139
83 140
84 141
85 142
86 143
100 121
101 122
102 123
103 124
104 125
105 126
106 127
107 128
108 127
109 126
110 126
111 127
112 128
113 128
114 129
115 130
116 131
117 132
116 133
115 134
114 135
113 136
112 137
111 138
110 139
109 140
108 141
107 142
107 143
118 133
119 134
120 135
121 136
122 137
123 138
124 139
125 140
126 141
127 142
128 143
112 108
120 107
128 100
129 101
130 102
131 103
132 104
133 105
134 106
135 107
136 106
137 105
138 104
139 103
140 102
141 101
142 100
143 99
144 98
145 97
146 96
147 95
148 94
149 93
150 92
151 91
152 90
153 89
154 88
155 87
156 86
136 108
135 109
134 110
133 111
132 112
131 113
130 114
129 115
129 116
130 117
131 118
132 119
133 120
134 121
135 122
136 123
137 124
138 125
139 126
140 127
141 128
142 129
143 130
144 131
145 132
146 133
147 134
148 135
149 136
150 137
151 138
152 139
151 140
150 141
149 142
149 143
153 138
154 137
155 136
156 135
157 134
158 133
159 132
160 131
161 130
162 129
161 128
160 127
159 126
158 125
157 124
157 123
157 122
156 121
155 120
154 119
153 118
152 117
151 116
151 115
152 114
153 113
154 112
155 111
156 110
157 109
156 108
157 108
158 108
158 123
163 130
164 131
165 132
166 133
167 134
168 135
169 136
170 137
171 138
172 137
173 136
174 135
175 134
176 133
177 132
178 131
179 130
180 129
181 128
182 127
183 126
184 127
185 128
186 129
187 130
187 131
188 132
189 133
188 129
189 128
190 127
191 126
190 125
189 124
188 123
187 122
186 121
185 120
184 119
183 118
182 117
181 116
180 115
179 114
178 113
177 112
176 111
175 110
176 109
177 108
178 107
179 106
180 105
180 106
181 107
181 104
180 103
179 102
178 101
177 100
176 99
175 98
174 97
173 96
172 95
171 94
170 93
171 92
172 91
173 90
174 89
175 88
176 87
177 86
178 85
179 84
178 83
177 82
176 81
177 80
178 79
179 78
180 77
181 76
180 75
179 74
178 73
177 72
176 71
175 70
174 69
173 68
172 67
171 66
170 65
169 64
168 63
167 62
166 61
166 60
165 59
164 58
163 57
162 56
161 55
160 54
159 55
158 56
157 56
156 55
155 54
154 53
153 52
152 53
151 54
150 55
149 56
148 55
147 54
146 53
145 52
144 51
143 50
142 50
141 49
140 48
139 47
138 46
137 45
136 44
135 43
134 42
133 41
132 40
131 39
130 38
129 37
128 36
127 35
128 34
138 45
139 44
140 43
141 42
142 41
143 40
144 39
145 38
146 37
147 36
148 35
149 34
141 51
140 52
139 53
138 54
137 55
136 56
167 59
168 58
169 57
170 56
171 55
172 54
173 53
174 52
175 51
176 50
175 49
175 48
176 47
177 46
178 45
179 44
180 43
181 42
182 41
183 40
184 39
183 38
182 37
181 36
180 35
179 34
178 33
177 32
176 31
175 30
174 30
173 31
172 32
171 33
170 34
185 38
186 37
187 36
188 35
189 35
190 36
191 37
192 38
191 39
190 40
190 41
193 39
194 40
195 41
196 42
197 43
198 44
199 45
199 46
200 47
201 48
202 49
203 50
204 51
205 52
200 44
201 43
202 42
177 51
178 52
179 53
180 54
181 55
166 63
165 64
164 65
163 66
162 67
161 68
160 69
159 70
158 71
157 71
180 85
181 86
177 98
178 97
179 96
180 95
181 94
192 127
193 126
194 125
195 124
196 123
197 122
198 121
197 120
196 119
195 118
194 117
194 116
195 115
196 114
197 113
198 112
199 111
200 110
201 109
202 108
203 107
204 106
205 105
204 104
203 103
202 102
201 101
200 100
200 99
201 98
202 97
203 96
204 95
205 94
204 93
203 92
202 91
201 90
200 89
199 88
200 87
201 86
202 85
203 84
204 83
203 82
202 81
201 80
201 79
202 78
203 77
204 76
203 75
203 74
204 73
203 72
202 71
201 70
200 69
199 68
199 67
200 66
201 65
202 64
203 63
204 62
205 73
199 121
200 122
201 123
202 124
203 125
204 125
204 126
205 126
172 139
173 140
172 141
171 142
170 143
174 140
175 141
176 142
177 143
126 95
127 94
128 93
129 92
130 91
131 90
130 89
129 88
128 87
128 86
127 85
126 84
125 83
125 82
126 81
127 80
128 79
129 78
130 77
131 76
132 75
133 74
134 73
135 72
136 71
132 89
133 88
134 87
135 86
80
33 51
28 72
28 93
28 114
33 126
45 47
46 130
48 68
51 89
48 110
56 36
56 141
65 34
65 143
48 47
48 120
71 56
71 71
71 108
71 123
72 86
86 34
86 143
92 56
92 71
92 108
92 123
93 86
107 34
107 143
93 56
93 71
93 108
93 123
114 86
112 55
112 65
112 107
112 128
128 34
128 143
135 86
136 56
136 71
136 108
136 123
149 34
149 143
156 86
157 56
157 71
157 108
157 123
170 34
170 143
177 86
158 56
158 71
158 108
158 123
181 55
181 76
181 107
181 128
179 34
189 133
177 143
181 86
190 41
204 62
204 83
204 104
204 125
205 126
192 127
202 42
205 52
205 73
205 94
205 105
