10152
334 269
334 268
334 267
334 266
334 265
334 264
334 263
334 262
335 261
336 260
337 259
338 258
339 257
340 256
341 255
341 254
340 253
339 252
338 251
337 250
336 249
335 248
334 247
342 254
342 255
343 256
344 257
345 258
346 259
347 260
348 261
349 262
343 253
344 252
345 251
346 250
347 249
348 248
349 247
350 246
351 245
352 244
352 243
353 242
354 241
354 240
354 239
354 238
354 237
353 236
352 235
351 234
350 233
349 232
348 231
347 231
346 231
345 231
344 231
343 231
342 231
341 231
340 231
339 231
338 231
337 231
336 231
335 231
334 232
355 238
356 238
357 238
358 237
359 236
360 235
361 235
362 235
363 235
364 234
365 233
366 232
367 231
368 230
369 229
370 228
371 227
371 226
371 225
370 224
369 223
368 222
368 221
368 220
367 219
369 221
370 220
371 219
372 218
373 217
374 216
375 215
376 214
376 213
375 212
374 211
373 210
372 209
371 208
370 207
369 206
368 205
367 204
366 204
365 204
364 204
363 204
362 204
361 204
360 204
359 204
358 204
357 204
356 204
355 204
354 204
353 203
352 202
351 201
350 200
349 199
348 198
347 197
346 196
345 195
344 195
343 196
342 197
341 198
340 199
339 200
338 201
337 202
336 203
335 204
334 205
333 206
332 205
331 204
330 204
329 204
328 204
327 204
326 204
325 204
324 204
323 203
322 202
333 207
332 208
331 209
330 210
329 211
328 212
327 212
326 213
325 214
324 215
323 216
322 217
321 218
320 219
319 220
318 221
317 222
316 223
315 223
314 223
313 222
312 221
311 220
310 219
309 219
308 220
307 221
306 222
305 223
304 224
305 225
306 226
307 227
308 228
308 229
308 230
308 231
308 232
308 233
308 234
308 235
307 236
306 237
305 238
304 239
305 240
306 241
307 242
308 243
309 244
310 245
310 246
310 247
310 248
309 249
308 250
307 251
306 252
305 253
304 254
311 245
312 245
313 245
314 245
315 244
316 244
317 245
318 246
319 247
310 218
310 217
310 216
310 215
309 214
308 213
307 212
306 211
305 210
304 209
314 224
314 225
314 226
314 227
315 228
316 229
317 230
318 231
319 232
329 212
330 212
331 212
332 212
333 213
334 214
335 215
336 216
337 217
338 203
339 204
340 205
341 206
342 207
343 208
344 209
345 210
346 211
347 212
348 213
349 214
350 215
351 216
352 217
345 194
344 193
344 192
344 191
343 190
342 189
341 188
340 187
339 186
338 185
337 184
336 183
335 182
334 181
333 180
332 179
331 178
330 178
329 177
328 178
327 178
326 178
325 177
325 176
324 175
323 174
323 173
323 172
323 171
323 170
322 169
327 179
326 180
325 181
324 182
323 183
322 184
329 178
330 176
331 175
332 174
333 173
334 172
335 171
336 170
337 169
345 191
346 190
347 189
348 188
349 187
350 186
351 185
352 184
353 183
354 182
355 181
356 180
357 179
358 178
359 177
359 176
358 175
357 174
356 173
355 172
354 171
353 170
352 169
360 177
360 178
361 177
362 176
363 175
364 174
364 173
365 172
366 171
367 170
361 179
362 180
363 181
364 182
365 183
366 184
367 185
368 184
369 183
370 183
371 183
372 183
373 182
374 181
375 180
375 179
376 178
377 177
378 176
379 175
380 174
381 173
382 172
376 181
377 182
378 183
379 184
380 185
381 186
382 187
377 213
378 213
379 213
380 213
381 213
382 213
372 225
373 226
374 227
375 228
376 229
377 230
378 231
379 232
380 233
381 234
382 235
383 236
383 237
383 238
383 239
384 240
384 241
384 242
383 243
382 244
381 245
380 246
379 247
385 241
385 240
386 240
387 240
388 240
389 240
390 239
391 238
392 237
393 236
394 235
386 242
387 243
388 244
389 245
390 246
391 247
392 248
393 249
394 250
395 251
396 252
397 253
397 254
397 255
397 256
398 255
399 254
400 253
401 252
402 251
403 250
404 249
405 248
406 247
407 246
408 245
409 244
398 257
399 258
400 258
400 259
399 260
398 261
397 262
396 263
395 264
394 265
393 266
392 267
391 268
390 269
389 270
388 271
387 272
386 273
385 273
384 273
383 272
382 271
381 270
380 269
379 268
378 267
377 266
377 265
377 264
378 263
379 262
383 273
382 274
381 275
380 276
379 277
387 273
388 274
389 275
390 276
391 277
392 278
393 279
394 280
395 281
396 281
397 281
398 281
398 282
397 283
396 284
395 285
394 286
393 287
393 288
393 289
393 290
393 291
393 292
393 293
393 294
394 295
393 296
392 297
391 298
390 299
389 300
388 301
387 300
386 299
385 298
384 297
383 296
382 295
381 294
380 293
379 292
387 301
387 302
387 303
386 304
385 304
384 304
383 304
382 304
381 305
380 306
379 307
378 306
377 305
376 304
375 304
374 304
373 304
372 304
371 303
370 304
369 304
368 305
367 306
366 307
365 308
364 309
363 310
362 311
361 311
360 311
359 311
358 311
357 311
356 311
355 311
354 311
353 311
352 310
351 309
350 308
349 307
359 312
359 313
359 314
359 315
359 316
359 317
359 318
359 319
359 320
359 321
358 322
357 322
356 322
355 323
354 324
353 325
352 326
351 327
350 328
349 329
348 330
347 331
346 332
345 333
344 333
343 333
342 333
341 333
340 333
339 332
338 331
337 330
336 329
335 328
344 334
343 335
342 336
341 337
340 338
339 339
338 340
337 341
336 342
335 343
334 342
333 342
332 342
331 342
330 342
329 342
328 342
327 342
326 342
325 342
324 342
323 342
322 342
321 341
320 340
319 339
318 338
317 337
316 336
315 335
314 334
313 333
312 333
311 333
310 333
309 333
308 333
307 334
306 333
305 332
304 331
303 330
302 329
306 334
306 335
306 336
306 337
306 338
306 339
306 340
305 341
304 342
303 343
302 344
314 333
315 333
316 333
317 332
318 331
319 330
320 329
321 343
320 344
346 333
346 334
346 335
346 336
346 337
346 338
346 339
347 340
348 341
349 342
350 343
359 322
360 322
361 322
362 323
363 324
364 325
365 326
366 327
367 328
368 329
369 330
370 331
371 331
372 330
372 331
372 332
372 333
372 334
371 335
370 336
369 337
368 338
367 339
366 340
365 341
373 331
374 331
375 332
376 333
377 334
378 335
379 336
380 337
381 336
382 335
383 334
384 333
385 332
386 331
387 330
388 329
389 328
390 327
391 326
392 325
393 325
394 325
395 325
373 329
374 328
375 327
376 326
377 325
378 324
379 323
380 322
371 304
371 302
371 301
370 300
369 299
368 298
367 297
366 296
365 295
364 294
387 304
388 304
389 305
390 306
391 307
392 308
393 309
394 310
395 309
396 308
397 307
398 306
399 305
400 304
401 304
402 304
403 304
404 304
405 304
406 304
407 304
408 304
409 304
399 281
400 281
401 281
402 281
402 282
403 283
404 284
405 285
406 286
407 287
408 288
409 289
403 280
404 279
405 278
406 277
407 276
408 275
409 274
401 258
402 258
403 258
404 258
405 258
406 258
407 258
408 258
409 259
355 240
356 241
357 242
358 243
359 244
360 245
361 246
362 247
363 248
364 249
334 271
334 272
334 273
334 274
334 275
334 276
334 277
335 278
336 279
337 280
338 281
339 282
340 283
341 284
342 284
343 284
344 283
344 282
345 281
346 280
347 279
348 278
349 277
350 276
351 275
352 275
353 275
354 275
355 274
356 273
356 272
357 271
358 270
359 269
360 268
361 267
362 266
363 265
364 264
357 273
358 273
359 274
360 275
361 276
362 277
363 278
364 279
344 284
344 285
344 286
344 287
344 288
343 289
342 290
341 290
340 290
339 290
338 290
337 290
336 290
335 291
334 292
333 293
332 294
331 295
330 296
329 297
329 298
329 299
329 300
328 301
327 300
326 299
325 298
324 297
323 296
322 295
321 294
320 293
319 292
329 301
329 302
329 303
328 304
327 304
326 304
325 304
324 304
323 304
322 304
321 305
320 306
319 307
318 306
317 305
316 305
315 305
314 305
313 305
312 305
311 305
310 305
309 304
308 303
307 302
306 301
305 300
304 299
303 300
302 301
301 302
300 303
299 304
299 305
299 306
298 307
297 308
296 308
295 307
294 306
293 305
292 304
291 303
290 302
289 301
288 300
287 299
286 298
285 297
284 296
283 295
283 294
283 293
283 292
282 291
281 291
280 291
279 291
278 290
277 289
276 288
275 287
274 286
273 287
272 288
271 289
270 290
269 291
268 292
267 293
266 293
265 292
264 291
263 290
262 289
261 288
260 287
259 286
258 285
257 284
256 283
255 282
254 281
253 280
252 279
251 279
250 279
249 278
248 279
247 279
246 280
245 281
244 282
243 283
243 284
243 285
244 286
249 279
249 277
249 276
248 275
247 274
246 273
245 272
244 271
245 270
246 269
246 268
246 267
245 266
244 265
243 264
242 263
241 262
240 261
239 261
238 261
237 261
236 261
235 261
234 261
233 260
232 259
231 258
230 257
229 256
228 257
227 258
226 259
225 260
224 261
223 262
222 263
221 263
220 262
219 261
218 260
217 259
216 258
215 257
214 256
221 264
220 265
219 266
218 267
217 268
216 269
215 270
214 271
213 272
212 273
211 274
210 275
209 276
208 277
207 278
206 277
205 276
204 275
203 274
202 273
201 272
200 271
199 270
198 271
197 272
196 273
195 274
194 275
194 276
193 277
192 277
191 277
190 276
189 275
188 274
187 273
186 272
185 271
184 270
183 269
182 268
181 267
180 266
179 265
178 264
178 263
177 262
176 262
175 262
174 262
173 262
172 262
171 262
170 263
169 264
168 263
167 262
166 261
165 260
164 259
163 260
162 260
161 260
160 260
159 260
158 260
157 261
156 262
155 263
154 264
164 260
164 258
164 257
164 256
164 255
164 254
165 253
166 252
167 251
168 250
169 249
168 248
167 247
166 246
165 245
164 244
163 243
162 242
161 241
160 240
159 239
158 238
157 237
156 236
156 235
156 234
155 233
154 233
153 233
152 233
151 233
150 233
149 232
148 231
147 230
146 230
145 230
144 230
143 229
142 228
141 227
140 226
140 225
140 224
140 223
139 222
138 221
137 220
136 219
135 218
136 217
137 216
138 215
139 214
140 213
141 212
142 211
143 210
144 209
145 208
144 207
143 206
142 205
141 204
140 203
139 202
138 201
137 200
136 199
135 198
135 197
135 196
135 195
134 194
133 195
132 196
131 197
130 198
129 199
128 200
127 201
126 202
125 203
135 193
135 192
135 191
135 190
135 189
134 188
133 187
132 186
131 185
130 184
135 194
145 207
146 207
146 208
146 209
146 210
147 211
148 212
149 213
150 214
151 215
152 216
147 207
148 207
149 207
150 206
151 205
152 204
153 203
154 202
155 201
140 227
140 228
139 229
138 230
137 231
136 232
135 233
134 234
133 235
132 236
131 237
130 238
129 238
128 238
127 238
126 238
125 238
124 238
123 238
122 237
121 236
120 235
119 234
118 233
117 232
116 231
115 230
114 229
113 229
112 228
111 229
110 228
110 227
110 226
109 225
108 224
108 223
108 222
107 221
106 220
105 219
104 220
103 221
102 222
101 223
100 224
99 224
98 224
97 224
96 224
95 224
94 223
93 222
92 221
91 220
90 219
91 218
92 217
92 216
92 215
92 214
92 213
92 212
93 211
94 210
95 209
96 208
97 207
98 206
99 205
100 204
101 203
102 202
94 224
94 225
94 226
94 227
94 228
94 229
94 230
94 231
93 232
92 233
91 234
90 235
89 236
88 237
87 238
86 239
85 240
84 241
83 242
82 243
81 244
80 245
79 245
78 245
77 245
76 245
75 245
74 245
73 245
72 244
71 243
70 242
69 241
68 240
67 239
66 238
65 237
64 237
63 237
62 236
61 235
60 234
65 236
66 235
67 234
68 233
69 232
70 231
71 230
72 229
71 228
70 227
70 226
70 225
70 224
70 223
70 222
70 221
70 220
70 219
70 218
70 217
70 216
71 215
72 214
71 213
70 212
69 211
68 210
67 209
67 208
67 207
67 206
66 205
65 204
68 208
69 208
70 207
71 206
72 205
73 204
74 203
75 202
76 201
77 200
78 199
77 198
77 197
77 196
77 195
77 194
77 193
77 192
77 191
77 190
77 189
77 188
76 187
75 187
74 187
73 186
72 185
71 184
70 183
69 183
68 183
67 183
66 183
65 183
64 183
63 183
62 183
61 183
60 183
59 183
58 183
57 183
56 183
55 183
54 183
53 183
52 183
51 183
50 183
49 183
48 183
47 183
46 183
45 183
44 184
43 185
42 186
41 187
40 188
39 189
38 190
37 190
36 189
35 188
34 187
33 186
32 185
31 184
30 183
29 182
28 181
27 180
26 179
25 178
24 177
24 176
24 175
24 174
29 184
28 185
27 186
26 187
25 187
24 187
23 187
22 187
21 187
20 187
37 191
37 192
37 193
37 194
37 195
37 196
37 197
37 198
36 199
35 200
34 200
33 200
32 200
31 200
30 200
29 200
28 200
27 200
26 200
25 200
24 200
23 200
22 200
21 201
20 202
20 203
20 204
20 205
20 206
20 207
20 208
20 209
20 210
20 211
20 212
20 213
21 214
22 215
36 201
37 202
38 203
39 204
40 205
41 206
42 207
43 208
44 209
43 210
42 211
41 212
40 213
39 214
38 215
44 210
45 210
46 210
47 209
48 208
49 207
77 187
78 187
79 187
80 187
81 187
82 186
83 185
84 184
85 183
86 182
87 181
88 180
89 179
90 178
91 177
92 176
93 175
94 174
93 173
92 172
91 171
90 170
89 169
88 168
87 167
88 166
89 165
89 164
89 163
89 162
89 161
89 160
89 159
88 158
87 157
86 156
85 155
84 154
83 153
82 152
82 151
81 150
80 150
79 150
78 150
77 150
76 150
75 150
74 150
73 150
72 151
71 152
70 151
69 150
68 149
67 148
66 147
65 146
64 145
64 144
64 143
64 142
63 141
62 141
61 141
60 141
59 141
58 141
57 141
56 141
55 141
54 142
53 143
52 144
51 145
51 146
51 147
51 148
51 149
50 150
49 150
48 150
47 150
46 151
45 152
44 153
43 154
42 155
41 156
40 157
39 158
51 150
51 151
51 152
52 153
53 154
54 155
55 156
64 141
65 141
66 141
67 141
68 140
69 139
70 138
71 137
82 149
82 148
83 147
84 146
85 145
86 144
87 143
82 150
95 174
96 175
97 176
98 177
99 178
100 178
101 178
101 179
101 180
101 181
101 182
101 183
100 184
102 178
103 177
104 176
105 175
106 174
107 173
108 172
108 171
107 170
106 169
105 168
104 167
104 166
104 165
104 164
104 163
104 162
104 161
104 160
104 159
109 171
110 170
111 169
112 168
113 167
114 166
115 165
116 164
117 163
117 162
117 161
117 160
117 159
117 158
117 157
117 156
117 155
117 154
118 153
119 152
118 151
117 150
116 149
115 148
114 147
113 146
112 145
111 144
111 143
110 142
109 141
108 140
107 139
106 138
105 137
104 136
103 135
102 134
101 133
100 132
101 132
102 132
103 131
104 130
105 129
106 128
107 127
108 126
109 125
110 124
111 123
112 122
113 121
114 120
115 119
116 118
116 117
115 116
114 115
113 114
112 113
111 112
110 111
109 110
108 109
107 108
117 118
118 118
119 118
120 118
121 118
122 118
123 118
124 118
125 118
126 118
127 117
128 116
129 115
130 114
131 113
132 112
131 111
130 110
129 109
128 108
127 107
126 106
125 105
124 104
123 103
122 102
132 113
133 113
134 114
135 115
135 116
136 115
137 114
138 113
139 112
140 111
141 110
142 109
143 108
136 117
137 118
138 119
139 119
140 120
141 121
142 122
143 123
108 142
107 143
106 143
105 143
104 144
109 142
111 142
112 142
113 141
114 140
115 139
116 138
117 137
118 138
119 139
120 139
121 139
122 139
123 139
124 139
125 139
126 139
127 139
128 139
129 139
130 139
118 164
119 165
120 166
121 167
122 166
123 165
124 164
125 163
126 163
127 163
128 163
129 163
130 163
131 163
131 164
132 165
133 166
134 167
135 168
136 169
132 162
133 161
133 160
133 159
133 158
133 157
133 156
133 155
134 154
108 173
108 174
108 175
108 176
109 177
110 178
111 179
112 180
113 181
114 182
115 183
71 245
70 246
69 247
68 248
67 249
66 250
65 251
64 252
63 252
64 253
65 254
66 255
66 256
66 257
66 258
65 259
64 260
63 261
62 262
61 263
60 264
59 265
58 266
58 267
58 268
58 269
58 270
58 271
58 272
58 273
58 274
58 275
58 276
58 277
59 278
60 279
60 280
60 281
60 282
60 283
60 284
60 285
60 286
61 287
62 288
63 289
64 290
66 259
66 260
66 261
67 262
68 263
69 264
70 265
71 266
72 267
73 268
74 269
75 270
76 271
77 272
78 273
79 274
80 275
81 275
82 275
83 275
84 274
84 275
85 276
86 277
87 278
88 279
89 280
90 281
91 282
92 283
93 284
94 285
95 286
96 287
97 288
97 289
97 290
97 291
98 291
99 290
100 289
101 288
102 287
103 286
104 285
105 284
106 283
107 282
108 281
109 280
110 279
111 278
112 277
113 276
114 275
115 274
116 273
116 272
115 271
114 270
113 269
112 268
111 267
110 266
109 265
110 264
111 263
112 262
113 261
114 260
114 259
114 258
114 257
114 256
114 255
114 254
114 253
114 252
114 251
114 250
117 272
117 273
118 272
119 272
120 271
121 270
121 269
121 268
122 267
123 266
124 265
125 264
126 263
127 262
128 261
129 260
130 259
131 258
132 258
133 258
134 258
135 257
135 256
135 255
135 254
135 253
136 252
137 251
135 258
135 259
135 260
135 261
135 262
136 263
137 264
138 265
139 266
118 274
119 275
120 276
121 277
122 278
123 279
124 280
125 281
126 282
127 283
128 284
129 285
130 286
131 287
132 288
132 289
132 290
132 291
131 292
133 287
134 286
135 285
136 284
137 283
138 282
139 281
110 281
111 282
112 283
113 284
114 285
115 286
116 287
117 288
118 289
118 290
118 291
118 292
118 293
117 294
116 295
115 296
115 297
115 298
115 299
115 300
115 301
115 302
115 303
115 304
114 305
113 306
112 306
111 306
110 306
109 307
108 308
107 309
106 310
107 311
108 312
108 313
108 314
107 315
106 316
105 317
104 318
104 319
103 320
102 320
101 320
100 319
99 318
98 317
97 316
96 315
95 314
94 313
93 312
92 311
91 310
90 311
89 312
88 313
87 314
86 315
86 316
86 317
86 318
86 319
86 320
87 321
88 322
89 323
90 324
91 325
90 326
89 327
88 328
87 329
86 330
85 331
84 332
83 333
82 334
81 333
80 332
79 331
78 330
77 329
76 328
75 327
74 326
73 325
72 324
82 335
82 336
82 337
82 338
83 339
84 340
83 341
82 342
81 343
80 344
79 344
78 344
77 345
76 346
75 346
74 346
73 346
72 346
71 346
70 346
69 345
68 344
67 343
66 342
65 341
64 341
63 341
62 341
61 341
60 341
59 341
58 341
57 340
56 339
55 338
54 337
53 336
52 335
51 334
51 333
51 332
51 331
51 330
51 329
51 328
51 327
51 326
51 325
51 324
51 323
50 322
49 321
48 320
47 320
46 320
45 320
44 320
43 320
42 320
41 321
40 322
39 323
38 324
37 325
36 326
35 327
34 328
33 329
32 330
31 331
30 332
29 331
28 330
27 329
26 328
25 327
24 326
23 325
22 324
31 332
31 333
32 334
33 335
34 336
35 337
36 338
37 339
36 340
35 341
34 342
33 343
32 343
31 343
30 343
29 343
28 343
27 343
26 343
25 343
24 342
23 341
22 340
21 339
27 344
27 345
27 346
27 347
27 348
26 349
25 350
24 351
23 352
22 353
21 354
22 355
23 356
24 357
25 358
26 359
27 360
28 361
29 362
29 363
29 364
29 365
33 344
34 345
35 346
36 347
37 348
38 349
39 350
40 351
41 352
42 353
43 354
44 355
48 319
49 318
50 317
51 316
52 315
53 314
54 313
55 312
56 311
57 310
58 309
59 308
60 307
74 347
73 348
72 349
71 350
70 351
69 352
68 353
67 354
66 354
65 354
64 354
63 354
62 355
61 356
60 357
59 358
68 354
69 354
70 355
71 356
72 357
73 358
74 359
104 320
104 321
104 322
104 323
105 324
106 325
116 305
117 306
118 307
119 308
120 309
121 310
122 311
123 312
124 313
125 314
126 315
127 316
128 317
129 318
128 319
127 319
126 320
125 321
124 322
123 323
122 324
121 325
129 319
130 318
130 317
130 316
131 315
132 314
133 313
134 312
135 311
136 310
137 311
138 312
139 313
140 314
141 314
142 314
143 314
144 314
145 314
146 314
147 314
148 314
149 314
150 314
130 319
131 320
132 321
133 322
134 323
135 324
136 325
85 273
86 272
87 271
88 270
89 269
90 268
91 267
81 245
82 245
83 245
84 245
85 246
86 247
87 248
88 249
89 250
90 251
91 252
110 229
110 230
109 231
108 232
107 233
106 234
112 229
113 227
114 226
115 225
116 224
117 223
118 222
119 221
120 220
156 233
157 233
158 233
159 233
160 233
161 233
162 232
163 231
162 244
161 244
160 244
159 244
158 244
157 244
156 245
155 246
163 244
178 261
178 262
179 260
180 259
181 258
182 257
183 256
184 255
183 271
182 272
181 273
180 274
179 275
178 276
177 277
177 278
176 279
175 279
174 279
173 279
172 279
171 279
170 279
169 279
168 280
167 281
166 282
165 283
164 284
163 285
162 286
161 287
160 288
159 289
158 288
157 287
157 286
157 285
157 284
157 283
157 282
156 281
155 280
154 279
158 290
157 291
156 292
155 293
154 294
160 289
161 289
162 289
163 289
164 289
165 290
166 291
167 292
168 293
169 294
177 279
178 279
179 280
180 281
181 282
182 283
183 284
184 285
183 286
182 287
182 288
182 289
182 290
182 291
182 292
182 293
182 294
182 295
182 296
182 297
182 298
183 299
184 300
185 301
185 302
185 303
185 304
185 305
185 306
185 307
185 308
184 309
183 309
182 309
181 310
180 311
179 312
178 313
177 314
176 315
175 316
174 317
173 317
172 317
171 317
170 316
169 315
168 314
167 313
166 312
165 311
164 310
163 309
170 317
169 318
168 319
167 320
166 321
165 322
164 323
163 324
162 325
161 326
160 327
160 328
160 329
160 330
160 331
159 332
158 333
157 334
156 335
155 336
154 337
153 338
160 332
160 333
161 334
162 335
163 336
164 337
165 338
166 339
167 340
168 341
168 342
168 343
168 344
168 345
168 346
168 347
168 348
168 349
168 350
167 351
166 352
165 353
164 354
163 355
162 356
161 357
160 358
159 359
158 360
157 360
156 359
155 358
154 357
153 356
152 355
151 354
150 353
157 361
156 362
155 363
154 364
153 365
152 366
151 367
150 368
149 369
148 370
147 371
146 371
145 371
144 371
143 371
142 370
141 371
140 371
139 371
138 371
137 371
136 371
135 372
134 373
133 374
132 375
131 376
130 377
129 378
129 379
129 380
129 381
129 382
129 383
129 384
128 385
127 385
126 385
125 385
124 385
123 385
122 385
121 385
120 385
119 385
118 386
117 387
129 385
129 386
129 387
130 388
131 389
132 390
142 371
142 372
143 373
144 374
145 375
146 376
147 377
148 378
149 379
150 380
151 381
152 382
153 383
154 384
155 385
155 386
155 387
155 388
155 389
155 390
156 391
157 391
157 392
156 393
155 394
154 395
153 396
152 397
158 391
158 392
158 393
159 394
160 395
161 396
162 397
163 398
164 399
159 390
160 389
161 388
162 387
163 386
164 385
165 385
166 385
167 384
142 369
142 368
142 367
141 366
140 365
139 364
138 363
137 362
136 361
135 360
134 359
133 358
132 357
131 356
130 355
129 354
129 353
129 352
128 351
127 352
126 353
125 354
124 355
123 356
122 357
121 358
120 359
119 360
118 359
117 358
116 357
115 356
114 355
113 354
112 353
111 354
110 355
109 356
108 357
107 358
106 359
105 360
104 361
103 362
102 363
101 364
101 365
101 366
101 367
101 368
101 369
100 370
99 370
98 370
97 369
96 368
95 367
94 366
93 365
92 364
91 363
90 362
89 361
101 370
101 371
101 372
101 373
101 374
101 375
101 376
101 377
100 378
99 379
98 380
97 381
96 382
95 383
94 384
93 385
92 386
91 386
90 386
89 385
88 384
92 387
93 388
94 389
95 390
96 391
95 392
94 393
93 394
92 395
91 396
90 397
89 398
88 399
87 400
86 401
85 402
84 403
83 404
82 404
81 404
80 404
79 404
78 404
77 404
76 404
75 404
74 404
73 404
72 404
71 404
70 403
69 402
68 401
67 400
66 399
65 398
65 397
64 396
63 396
62 396
61 396
60 395
59 395
58 396
57 397
56 398
55 399
54 398
53 397
52 396
51 395
50 394
50 393
49 392
48 391
47 391
46 390
45 389
44 388
43 387
42 386
41 385
40 384
49 390
50 389
51 388
52 387
53 386
54 385
55 384
65 395
65 396
66 394
67 393
68 392
69 391
70 390
71 389
96 392
97 392
98 392
99 392
100 392
101 391
102 390
113 352
112 351
111 350
110 349
109 348
108 347
107 346
106 345
105 344
104 343
103 342
113 353
128 350
127 349
126 348
125 347
124 346
123 345
122 344
121 343
120 342
129 349
129 348
130 347
131 346
132 345
133 344
134 343
135 342
129 350
129 351
159 361
160 362
161 363
161 364
161 365
162 366
163 367
164 368
165 369
166 370
167 370
168 370
169 370
170 370
170 371
171 370
172 369
173 368
174 367
175 366
176 365
177 364
178 363
179 362
171 372
172 373
173 374
174 375
175 376
176 377
177 378
178 379
179 380
180 381
181 382
182 383
183 384
184 385
185 386
186 387
187 388
187 389
188 390
188 391
187 392
186 393
185 394
184 395
183 396
182 397
181 398
189 390
189 389
190 388
191 387
192 386
193 385
194 384
195 383
196 382
197 381
198 380
199 379
200 378
201 377
201 376
201 375
201 374
201 373
200 372
199 371
198 370
197 369
196 368
195 367
194 366
193 365
202 373
203 372
204 371
205 370
206 369
207 368
208 367
209 366
210 365
203 374
204 375
205 376
206 377
207 378
208 379
209 380
210 381
211 382
190 391
191 392
192 393
193 394
194 395
195 396
196 397
169 342
170 342
171 342
172 342
173 341
174 340
175 339
176 338
177 337
177 336
177 335
177 334
178 333
179 332
180 331
181 330
177 338
177 339
177 340
177 341
178 342
179 343
180 344
181 345
185 309
186 310
187 311
188 312
189 313
190 314
191 315
192 316
193 317
194 318
195 319
196 320
197 321
197 322
197 323
197 324
196 325
195 326
194 327
193 328
192 329
191 330
198 323
199 322
199 323
200 324
201 325
202 326
203 327
204 328
205 329
206 330
200 321
201 320
202 319
203 318
204 317
205 316
206 315
207 314
208 313
209 312
210 311
209 310
208 309
207 308
206 307
205 306
204 305
203 304
202 303
201 302
200 301
199 300
210 310
211 309
212 308
212 307
212 306
212 305
212 304
212 303
213 302
214 301
213 308
214 308
215 309
216 310
217 311
218 312
219 313
220 314
220 315
221 316
222 317
223 318
224 319
225 320
226 321
226 322
226 323
226 324
226 325
226 326
225 327
224 328
223 329
222 330
221 331
220 332
219 333
218 334
218 335
218 336
218 337
218 338
217 339
216 340
215 341
214 342
213 343
212 344
211 345
210 344
209 343
208 342
207 342
206 342
205 342
204 342
203 342
202 342
201 342
200 342
199 342
198 343
197 344
196 345
219 339
220 340
221 341
222 342
223 343
224 344
225 345
226 346
227 323
228 323
229 323
229 324
230 325
231 326
232 327
233 328
234 329
235 330
236 331
230 322
231 321
232 320
233 319
234 318
235 317
236 316
237 315
238 314
239 313
240 312
241 311
241 310
241 309
241 308
240 307
239 306
238 305
237 305
236 305
235 305
234 305
233 305
232 304
231 303
230 302
229 301
228 300
227 299
227 298
227 297
227 296
227 295
227 294
227 293
227 292
227 291
227 290
227 289
227 288
228 287
229 286
239 305
240 305
241 304
242 303
243 302
244 301
242 310
243 311
244 312
245 313
246 313
247 313
248 313
249 314
250 315
251 316
194 277
194 278
194 279
194 280
195 281
196 282
197 283
198 284
199 285
208 278
208 279
208 280
208 281
208 282
209 283
210 284
211 284
212 284
213 285
214 286
222 264
223 265
224 266
225 267
226 268
227 269
228 270
229 271
240 260
241 259
242 258
243 257
244 256
243 255
243 254
243 253
243 252
243 251
243 250
243 249
243 248
243 247
243 246
243 245
243 244
243 243
243 242
244 241
243 240
242 239
241 238
240 237
239 237
238 237
237 237
236 237
235 237
234 237
233 237
232 238
231 239
230 240
229 241
247 269
248 269
249 269
250 269
251 269
252 268
252 267
252 266
252 265
252 264
252 263
253 262
254 261
255 260
256 259
257 258
258 257
259 256
253 268
254 268
255 268
256 268
257 269
258 270
259 271
267 294
267 295
266 296
265 296
264 296
263 297
262 298
261 299
260 300
259 301
267 296
268 296
269 296
270 296
271 297
271 298
272 299
273 300
274 301
273 302
272 303
271 304
270 305
270 306
270 307
270 308
270 309
270 310
270 311
270 312
269 313
268 314
267 315
266 316
265 317
264 318
264 319
264 320
264 321
264 322
264 323
264 324
264 325
264 326
264 327
264 328
264 329
265 330
266 331
265 332
264 333
263 334
262 335
261 336
260 337
259 338
258 338
257 337
256 336
255 335
254 334
253 333
252 332
251 331
258 339
257 340
256 341
255 342
254 343
253 344
252 344
251 344
250 344
249 344
248 345
247 346
246 347
245 348
244 349
243 350
242 351
241 352
242 353
243 354
244 355
245 356
246 357
247 358
248 359
249 360
248 361
247 361
246 361
245 362
244 363
243 364
242 365
241 366
240 367
239 368
238 369
237 370
236 371
235 372
234 372
233 371
232 370
231 369
230 368
229 367
228 366
235 373
235 374
234 375
233 376
232 377
231 378
230 379
229 380
228 381
227 382
226 383
235 375
236 376
237 377
237 378
237 379
237 380
237 381
238 382
239 383
240 384
241 385
242 386
243 387
244 388
245 388
246 388
247 388
247 389
247 390
247 391
247 392
246 393
245 394
244 395
243 396
242 397
241 398
240 399
248 391
249 392
250 393
251 394
252 395
253 396
254 397
255 398
256 399
248 388
249 388
250 388
251 387
252 386
253 385
254 384
255 384
256 384
257 384
258 384
259 384
260 384
261 384
262 384
263 384
264 384
265 384
266 383
267 384
268 385
269 386
270 387
271 387
271 388
272 387
273 387
274 387
275 387
276 387
277 387
278 386
279 385
280 384
281 383
272 389
273 390
274 391
275 392
276 393
276 394
275 395
274 395
273 395
272 396
271 397
270 398
276 395
277 396
278 397
279 398
280 399
281 400
249 361
250 361
254 344
255 345
256 346
267 332
268 333
269 334
270 335
271 336
272 337
273 338
274 338
275 338
276 337
276 336
277 335
278 334
279 333
280 332
281 331
276 338
276 339
276 340
276 341
275 342
274 343
273 344
272 345
271 346
277 338
278 338
279 339
280 340
281 341
282 342
283 343
284 344
285 345
286 346
285 347
284 348
283 349
282 350
281 351
280 352
279 353
278 354
277 355
276 356
275 357
274 358
273 359
272 360
271 361
270 362
269 363
268 364
267 365
266 366
276 357
277 358
278 359
279 360
280 361
271 308
272 308
273 308
274 309
275 310
276 311
277 312
278 313
279 314
280 315
281 316
283 291
284 291
285 290
286 289
287 288
288 287
289 286
290 285
291 284
292 283
293 282
294 281
294 280
294 279
294 278
294 277
294 276
293 275
292 274
291 273
290 272
289 271
288 270
287 269
286 268
285 267
284 266
283 265
282 265
281 265
280 265
279 266
278 267
277 268
276 269
275 270
274 271
283 264
283 263
283 262
284 261
285 260
286 259
287 258
288 257
289 256
288 255
287 254
286 253
285 252
284 251
283 250
282 249
281 248
280 248
279 247
279 246
278 245
277 244
276 243
275 242
274 241
273 240
272 239
271 238
270 237
269 236
268 235
267 234
266 233
266 232
267 231
268 230
269 229
269 228
268 227
267 226
266 225
265 224
264 223
263 222
262 221
261 221
260 221
259 220
258 221
257 220
256 219
255 218
254 217
253 216
252 215
251 214
250 213
249 214
248 215
247 216
246 216
245 216
244 216
243 216
242 216
241 215
240 214
239 213
238 212
237 211
236 210
235 209
234 208
233 207
232 206
231 205
230 204
229 203
228 202
227 201
226 200
225 199
224 198
223 197
222 196
221 197
220 198
219 199
218 200
217 200
216 200
215 200
214 200
213 200
212 200
211 200
210 199
209 198
208 197
207 196
206 195
205 194
204 193
203 192
202 191
201 190
200 189
199 188
198 187
198 186
198 185
197 184
196 183
195 182
194 181
193 180
194 179
195 178
196 177
197 176
198 175
199 174
200 173
201 172
201 171
201 170
202 169
203 168
203 167
202 166
201 165
200 164
199 163
198 162
204 167
205 167
206 167
207 167
208 167
209 166
210 165
211 164
212 163
213 162
214 161
215 160
216 159
217 158
218 157
219 156
220 155
221 154
221 153
221 152
220 151
219 150
218 149
217 148
216 147
215 146
214 145
213 144
212 143
211 143
210 143
209 143
208 143
207 143
206 143
205 143
204 143
203 143
202 143
201 143
200 143
199 142
198 141
197 140
196 139
195 138
194 137
193 137
192 137
191 137
190 137
189 137
188 137
187 138
186 139
185 140
184 141
183 142
182 143
181 144
180 144
179 144
178 144
177 144
176 144
175 144
174 144
173 144
172 144
171 144
170 144
169 143
168 142
167 143
166 144
165 145
164 146
163 147
162 147
161 147
160 147
159 147
158 147
157 147
156 147
155 147
154 146
153 145
158 148
159 149
160 150
161 151
161 152
161 153
161 154
161 155
160 156
159 157
158 158
157 159
156 160
156 161
156 162
156 163
156 164
157 165
158 166
159 167
160 168
161 169
162 170
163 171
164 172
163 173
162 174
161 175
160 176
160 177
160 178
160 179
160 180
159 181
158 181
157 181
156 181
155 181
154 182
153 183
152 184
151 185
150 186
160 181
160 182
161 183
162 184
163 185
164 186
165 187
162 154
163 155
164 156
165 157
175 145
175 146
175 147
175 148
175 149
176 150
177 151
178 152
179 153
180 154
181 155
182 156
183 157
221 150
221 149
221 148
221 147
222 146
223 145
224 144
225 143
221 151
221 155
222 156
223 157
224 158
225 159
226 160
227 161
228 162
201 173
202 173
203 174
204 175
205 176
206 177
207 178
208 179
209 180
210 181
198 188
198 189
197 190
196 191
195 192
194 193
193 194
192 195
191 194
190 193
189 192
188 191
187 190
186 189
185 188
184 187
183 186
182 185
181 184
180 183
217 201
216 202
215 203
214 204
213 205
212 206
211 207
210 208
209 209
208 210
207 211
206 212
205 213
205 214
205 215
205 216
205 217
204 218
203 219
202 220
201 219
200 218
199 217
198 216
197 215
196 214
195 213
194 212
193 211
192 210
202 221
203 222
204 223
205 224
206 225
207 226
208 227
209 228
210 229
211 230
211 231
211 232
211 233
211 234
211 235
211 236
212 237
213 238
214 239
215 240
214 241
213 242
212 243
211 244
210 245
209 245
208 245
207 245
206 245
205 245
204 245
203 244
202 243
201 242
200 241
199 240
198 239
197 238
196 237
195 236
194 235
193 234
192 234
191 233
190 232
189 231
188 230
187 230
186 230
185 230
184 230
183 230
182 230
181 229
180 228
179 227
178 226
177 225
176 224
175 223
174 222
173 221
172 220
171 219
170 218
169 217
168 216
167 215
167 216
168 214
169 213
170 212
171 211
172 210
173 209
174 208
175 207
176 206
177 205
188 229
189 228
190 227
191 226
192 225
190 234
189 235
188 236
187 237
186 238
185 239
184 240
191 234
204 246
204 247
204 248
204 249
204 250
203 251
202 252
201 253
200 254
199 255
212 230
213 230
214 230
215 230
216 230
217 230
218 230
219 229
220 228
221 227
222 226
229 204
228 205
227 206
226 207
225 208
224 209
223 210
222 211
231 203
231 202
232 201
233 200
234 199
235 198
236 197
237 196
238 195
239 194
240 193
240 192
240 191
240 190
240 189
240 188
240 187
241 186
241 185
240 184
239 183
238 182
237 181
236 182
235 183
234 183
233 183
232 183
231 183
230 183
229 182
228 181
242 185
242 186
243 185
244 185
245 185
246 184
247 183
248 182
249 181
250 180
250 179
250 178
250 177
250 176
250 175
250 174
250 173
250 172
250 171
250 170
250 169
249 168
248 167
247 166
246 165
245 164
244 163
243 162
251 169
252 168
253 167
254 166
255 165
256 164
257 163
258 162
259 161
260 160
261 159
262 158
263 158
264 158
265 158
266 158
267 158
268 158
269 158
270 158
271 158
272 158
273 158
274 158
275 158
276 158
277 157
277 156
277 155
277 154
277 153
277 152
278 151
279 150
280 149
281 148
282 147
281 146
280 145
279 144
278 143
277 142
276 142
275 142
274 142
273 143
272 143
271 143
270 143
269 143
268 143
267 143
266 143
265 143
264 143
263 143
262 143
261 142
260 142
259 142
258 142
257 142
256 142
255 142
254 142
253 142
252 142
251 142
250 142
249 141
248 140
247 139
246 138
245 137
244 136
243 137
242 138
241 139
240 140
239 141
238 142
237 143
244 135
244 134
244 133
244 132
244 131
243 130
242 129
241 128
240 127
239 126
238 125
237 124
236 123
235 122
234 121
233 121
232 121
231 121
230 121
229 120
228 119
227 118
227 117
227 116
227 115
227 114
226 113
225 112
224 111
223 110
222 109
228 117
229 117
230 116
231 115
232 114
233 113
234 112
235 111
236 110
237 109
227 119
226 120
225 121
224 122
223 123
222 124
221 123
220 122
219 121
218 120
217 120
216 120
215 120
214 120
213 120
212 120
211 120
210 121
209 122
208 123
207 124
206 123
205 122
204 121
203 120
202 119
201 118
200 117
199 116
198 115
197 114
196 113
195 112
194 111
193 110
192 109
199 117
198 118
197 119
196 120
195 121
194 122
193 123
192 124
191 123
190 122
189 121
188 120
187 120
186 120
185 120
184 120
183 120
182 120
181 120
180 121
179 122
178 123
177 124
176 123
175 122
174 121
173 120
172 119
171 118
170 117
169 116
168 115
167 114
166 113
165 113
164 113
163 112
162 111
161 110
160 109
159 108
158 107
166 114
165 115
164 116
163 117
162 118
161 119
160 120
159 121
158 122
167 113
168 112
169 111
170 110
171 109
172 108
173 107
200 116
201 115
202 114
203 113
204 112
205 111
206 110
207 109
245 131
246 130
247 129
248 128
249 127
250 126
251 125
252 124
253 123
254 122
255 121
256 120
257 119
258 119
259 119
260 118
260 117
259 116
258 115
257 114
256 113
255 112
254 111
253 110
252 109
260 116
261 115
262 114
263 113
264 112
265 111
266 110
267 109
260 119
261 120
262 121
263 121
264 121
265 122
266 123
267 124
268 123
269 122
270 121
271 120
272 119
273 119
274 119
275 119
276 118
276 117
276 116
276 115
277 114
278 113
279 112
280 111
281 110
282 109
276 119
277 119
278 120
279 121
280 122
281 123
282 124
277 158
278 158
279 159
280 160
281 161
282 162
283 161
284 160
285 159
286 158
287 157
288 156
289 155
290 155
291 155
292 155
293 155
293 156
293 157
294 158
295 159
296 160
297 161
298 162
299 163
300 164
294 155
295 154
296 153
297 152
298 151
299 150
300 149
301 148
302 147
303 146
304 145
305 144
306 143
306 142
305 141
304 140
304 139
304 138
304 137
303 136
302 135
301 134
302 133
303 132
304 131
305 130
306 129
306 128
306 127
306 126
306 125
306 124
306 123
306 122
305 121
304 121
303 121
302 120
301 119
306 121
307 121
308 120
309 119
310 118
311 117
312 116
313 115
314 114
315 113
316 112
315 111
314 110
313 109
312 108
311 107
310 106
309 105
308 104
307 103
306 102
305 101
304 101
303 102
302 103
301 104
306 100
306 99
306 98
307 97
308 96
309 95
310 94
311 93
312 92
311 91
310 90
309 89
308 88
307 87
306 86
305 85
304 85
303 86
302 87
301 88
300 89
305 84
305 83
305 82
304 81
303 80
302 79
301 78
300 77
299 76
298 75
297 74
296 73
295 73
294 73
293 73
292 73
291 73
290 73
289 73
288 73
287 73
286 73
306 83
307 82
308 81
309 80
310 79
311 78
312 77
313 76
314 75
315 74
316 73
317 72
318 71
318 70
318 69
318 68
317 67
316 66
315 65
314 64
313 63
312 62
311 61
310 60
309 59
308 58
307 57
306 56
306 55
305 54
304 54
303 54
302 54
301 55
300 56
299 57
298 58
297 59
296 58
295 57
294 56
293 55
293 54
293 53
292 52
291 53
290 54
289 55
288 56
287 57
286 58
293 51
293 50
293 49
293 48
293 47
293 46
293 45
293 44
293 52
306 54
307 54
308 53
309 52
310 51
311 50
312 49
319 67
320 66
321 65
322 64
323 63
324 62
325 61
326 60
327 59
328 60
329 61
330 62
331 63
332 64
333 65
334 66
335 67
336 67
337 66
337 65
337 64
338 63
339 62
340 61
341 60
342 59
342 58
342 57
342 56
341 55
340 54
339 53
338 52
337 51
336 50
335 49
334 48
333 47
333 46
334 45
335 44
334 43
333 42
332 41
332 40
332 39
332 38
332 37
332 36
332 35
332 34
332 33
332 32
341 53
342 52
343 51
344 50
345 49
346 48
347 47
348 46
349 45
350 44
351 45
352 46
353 47
354 48
355 49
356 50
357 51
358 52
359 53
360 52
360 51
360 50
360 49
361 48
362 47
363 46
364 45
365 44
366 43
367 42
368 41
367 40
366 39
365 38
364 37
363 36
362 35
361 34
360 33
359 32
358 31
357 30
356 29
368 40
369 40
370 40
371 40
372 39
373 38
374 37
375 36
376 35
360 53
360 54
360 55
360 56
359 57
358 58
357 59
361 53
362 53
363 53
364 53
365 53
366 53
367 54
368 55
369 56
370 57
371 58
372 59
337 67
337 68
337 69
337 70
337 71
337 72
337 73
336 74
338 67
339 67
340 67
341 67
342 67
343 67
344 67
345 68
346 69
347 70
348 71
349 72
350 73
351 74
352 75
353 76
354 77
355 77
356 77
357 77
358 77
359 77
360 77
361 77
362 77
362 78
362 79
362 80
362 81
361 82
360 83
359 84
358 85
357 86
356 87
355 88
354 89
363 79
364 80
365 81
366 82
367 83
368 84
369 85
363 77
364 76
365 75
366 74
306 101
317 113
318 114
319 115
320 116
321 117
322 118
323 119
324 120
325 121
326 122
327 123
328 124
329 123
330 122
331 121
332 120
333 119
334 118
335 117
335 116
334 115
333 114
332 113
331 112
336 117
337 117
338 117
339 117
340 117
341 117
341 118
341 119
341 120
341 121
341 122
341 123
342 124
343 125
342 116
343 115
344 114
345 113
346 112
347 113
348 114
349 115
350 116
351 117
352 118
353 119
354 120
355 121
355 122
356 121
357 120
358 119
359 118
360 117
361 116
361 115
361 114
361 113
361 112
361 111
361 110
362 117
363 118
364 119
365 119
366 119
367 119
368 119
368 120
369 119
370 119
371 118
372 117
373 116
374 115
375 114
376 113
377 114
378 115
379 116
380 117
381 118
382 119
383 120
384 121
385 122
386 123
387 124
388 125
389 124
390 123
391 122
392 121
393 120
394 119
394 118
394 117
394 116
394 115
394 114
394 113
394 112
393 111
392 110
393 109
394 108
395 108
396 108
397 108
398 108
399 107
399 108
400 108
401 108
402 108
403 108
404 108
405 108
406 109
407 110
400 106
401 105
402 104
403 103
404 102
403 101
402 101
401 100
400 99
399 98
398 97
397 96
396 95
397 94
398 93
399 92
400 91
401 90
402 89
403 88
403 87
403 86
403 85
402 84
401 84
400 84
399 83
398 82
397 81
396 80
403 84
404 84
405 84
406 84
407 84
408 83
409 82
410 81
411 80
412 79
413 78
414 77
415 76
416 75
417 74
417 73
417 72
417 71
416 70
415 69
414 68
413 67
412 66
411 65
410 64
409 63
408 62
407 61
406 60
405 59
404 58
403 58
402 59
401 60
400 61
399 62
398 63
397 64
396 65
395 64
394 63
393 62
392 61
391 60
390 59
389 58
388 58
387 58
404 57
404 56
404 55
404 54
404 53
404 52
403 51
402 50
405 54
406 54
407 54
408 54
409 53
410 52
411 51
412 50
413 49
414 48
415 47
416 46
417 45
412 64
413 63
414 62
415 61
416 60
417 59
418 58
419 58
420 58
421 58
422 58
418 74
419 74
420 74
421 74
422 73
404 101
405 101
406 100
407 99
408 98
409 97
410 96
411 95
411 96
412 97
413 98
414 99
415 100
416 101
417 102
418 103
419 104
420 105
421 106
422 107
423 108
424 109
425 110
426 111
427 112
428 113
429 114
430 114
430 115
430 116
430 117
430 118
430 119
431 120
432 121
433 122
431 113
432 112
433 111
434 110
435 109
436 108
437 107
438 108
439 109
440 110
441 111
442 112
443 113
444 114
444 115
444 116
444 117
444 118
445 117
446 116
447 115
448 114
449 113
450 112
451 111
452 110
453 109
453 108
452 107
454 108
455 109
456 110
457 111
458 112
459 113
460 114
461 115
462 116
463 117
464 118
464 119
464 120
464 121
463 122
465 117
466 116
467 116
468 116
469 116
470 116
471 116
472 116
473 115
473 114
473 113
472 112
471 111
470 110
469 109
468 108
467 107
474 115
473 116
473 117
474 118
475 119
476 120
477 121
478 122
475 114
476 113
477 112
478 111
479 110
480 109
481 108
482 107
483 108
484 109
485 110
486 111
487 112
488 113
489 114
490 114
491 113
491 114
491 115
491 116
491 117
491 118
491 119
491 120
492 121
493 122
494 123
495 124
496 125
497 126
498 127
499 128
500 129
501 130
502 129
502 128
503 127
504 126
505 125
506 124
507 123
508 122
508 121
508 120
508 119
508 118
509 117
510 116
511 115
512 114
513 113
514 112
515 111
515 110
514 109
513 108
512 107
516 110
516 111
516 112
517 113
518 114
519 115
520 116
521 117
522 118
523 117
523 116
524 115
525 114
526 113
527 112
528 111
528 110
528 109
528 108
527 107
529 112
530 113
531 114
532 115
532 116
533 115
534 115
535 114
536 113
537 112
538 111
539 110
540 109
541 108
542 107
543 108
544 109
545 110
546 110
547 110
548 110
549 110
550 110
551 110
552 110
553 110
554 110
555 109
556 108
557 107
533 117
534 118
535 119
536 120
537 121
538 122
539 123
540 124
541 125
542 126
543 127
544 128
544 129
544 130
544 131
544 132
545 130
546 129
547 128
548 127
549 126
550 125
551 124
552 123
553 122
523 118
523 119
523 120
523 121
523 122
502 130
502 131
503 132
504 133
504 134
504 135
503 136
502 137
501 138
500 139
499 140
498 141
497 142
505 135
506 136
507 137
508 138
509 139
510 140
511 141
512 142
513 143
514 144
515 145
516 146
517 147
518 148
519 149
520 150
521 151
522 151
522 152
521 153
520 154
519 155
518 156
517 157
516 156
515 155
514 154
513 153
512 153
511 154
510 155
509 156
508 157
507 158
506 159
505 160
504 160
503 160
502 160
501 160
500 160
499 160
498 160
497 160
496 160
495 160
494 160
493 161
492 162
491 163
490 164
489 164
488 164
487 164
486 164
485 163
484 162
483 161
482 160
481 159
480 158
479 157
478 156
477 155
476 154
475 153
474 154
473 155
472 156
471 157
475 152
476 151
477 150
478 149
477 148
476 147
475 146
474 145
473 144
472 143
471 142
470 143
469 144
468 145
467 146
466 146
465 146
464 146
463 146
462 146
461 145
460 144
459 143
478 148
479 147
480 146
481 145
482 144
486 165
486 166
486 167
486 168
486 169
486 170
486 171
487 172
488 173
489 174
490 175
489 176
488 177
487 178
486 179
485 180
484 181
484 182
484 183
483 184
482 183
481 182
480 181
479 180
478 179
477 178
476 177
475 176
474 175
473 174
472 173
471 173
470 173
469 173
468 173
467 173
466 173
465 173
464 173
463 172
462 171
461 170
460 169
459 168
458 167
457 166
456 165
455 164
454 164
453 164
452 164
451 164
450 163
449 163
448 163
447 162
446 161
445 160
444 159
443 158
442 157
441 156
440 155
439 154
438 153
437 152
437 151
436 150
435 150
434 150
433 151
432 152
431 153
430 154
429 155
428 156
427 157
436 149
435 148
434 147
433 146
432 145
431 144
430 143
437 149
437 150
438 148
439 147
439 146
439 145
440 144
441 143
442 142
449 164
448 165
447 166
446 167
445 168
444 169
443 170
442 171
441 172
440 173
439 174
438 175
437 176
436 176
435 176
434 176
433 176
432 176
431 176
430 176
429 175
428 174
427 173
426 172
436 177
436 178
436 179
436 180
436 181
436 182
437 183
438 184
439 185
440 186
441 187
442 188
443 189
444 190
445 191
446 192
447 193
448 194
449 195
449 196
448 197
447 198
446 199
446 200
446 201
446 202
446 203
447 204
448 205
449 206
450 207
451 208
452 209
453 210
452 211
451 211
450 212
449 213
448 214
447 215
446 216
445 217
444 218
443 219
442 220
441 221
440 222
439 223
438 224
437 225
436 225
435 225
434 225
433 225
432 225
431 224
430 223
429 222
428 221
427 220
426 219
425 218
424 217
423 216
422 216
421 216
420 216
419 216
418 216
417 216
416 215
415 214
414 213
413 212
412 211
411 210
410 209
409 208
408 208
407 208
406 208
405 207
404 206
403 205
403 204
403 203
403 202
403 201
402 200
401 199
400 198
399 197
398 196
397 195
406 209
406 210
405 211
404 212
403 213
402 214
401 215
400 216
399 217
398 218
397 219
396 220
412 210
413 210
414 209
415 208
416 207
417 206
418 205
419 204
420 203
421 202
422 201
423 201
424 200
423 199
422 198
421 197
420 196
419 196
418 196
417 195
416 194
415 193
414 192
413 191
412 190
411 189
410 188
409 187
408 186
407 185
406 184
405 183
404 182
403 181
402 180
401 179
400 179
399 179
398 179
397 180
402 179
403 179
404 178
405 177
406 176
407 175
408 174
409 173
421 196
422 195
423 194
424 193
425 192
426 191
427 190
424 201
425 201
426 201
427 201
428 201
429 201
430 202
431 203
432 204
433 205
417 217
416 218
415 219
432 226
432 227
432 228
432 229
432 230
431 231
430 232
429 233
428 234
427 235
433 226
434 227
435 228
436 229
437 230
438 231
439 232
440 233
441 234
442 235
453 211
454 211
455 211
456 211
457 211
458 210
459 209
460 208
461 207
462 206
463 205
450 196
451 196
452 196
453 195
454 194
455 193
456 192
455 163
456 162
457 161
458 160
484 184
484 185
484 186
484 187
484 188
485 189
486 190
485 191
484 192
484 193
484 194
484 195
484 196
483 197
482 198
481 199
480 199
479 198
478 197
477 196
476 195
475 194
474 193
473 192
472 191
471 190
480 200
480 201
480 202
480 203
479 204
478 205
484 197
485 197
486 198
487 199
488 200
489 201
490 202
491 203
492 204
493 205
487 189
488 188
489 187
490 187
491 187
492 187
493 187
494 187
495 187
496 187
497 187
498 187
499 188
500 189
501 190
502 191
503 192
504 193
505 194
506 195
507 196
508 197
509 198
510 198
511 197
511 196
511 195
512 194
513 193
514 192
515 191
516 190
516 189
516 188
516 187
515 186
514 185
513 184
513 183
513 182
513 181
512 180
511 180
510 180
509 179
508 178
507 177
506 176
505 175
513 180
514 180
515 180
516 179
517 178
518 177
519 176
520 175
511 198
511 199
511 200
511 201
511 202
511 203
510 204
509 204
508 205
512 198
513 198
514 198
515 198
516 198
517 199
518 200
519 201
520 202
521 203
522 204
523 205
524 204
525 203
526 202
527 201
528 201
529 201
530 201
531 200
531 199
532 198
533 197
534 196
535 195
536 194
537 193
538 192
531 201
532 201
533 201
534 202
535 203
536 204
537 205
538 206
538 207
538 208
538 209
538 210
538 211
538 212
538 213
538 214
538 215
538 216
538 217
539 218
540 219
541 220
542 221
543 222
544 223
545 224
546 225
546 226
545 227
544 228
543 229
542 230
541 231
540 232
539 233
538 232
537 231
536 230
535 230
534 230
533 230
532 230
531 230
530 230
529 230
528 230
527 230
526 229
525 228
524 227
523 226
522 225
521 224
529 231
529 232
529 233
529 234
528 235
527 236
526 237
525 238
524 239
523 240
522 241
521 242
520 243
519 244
519 245
518 246
517 247
516 246
515 245
514 244
513 243
512 242
511 241
510 240
509 239
508 238
507 237
506 236
505 235
504 234
503 233
502 233
501 232
500 233
499 234
498 235
497 236
496 237
495 238
494 239
501 233
501 231
501 230
501 229
500 228
499 228
498 228
497 228
496 228
495 228
494 227
493 226
492 225
491 224
490 225
489 226
488 227
487 228
486 228
485 228
484 228
483 228
482 228
481 228
480 228
479 227
478 226
477 225
476 224
475 225
474 226
473 227
472 228
471 229
470 230
469 231
468 231
467 230
466 229
465 228
464 227
463 226
462 225
461 224
460 223
467 232
466 233
465 234
464 235
463 236
462 237
461 238
462 239
463 240
464 241
465 242
466 243
467 244
468 245
469 246
468 247
467 247
466 248
465 249
464 250
463 251
462 252
461 253
460 254
459 255
458 256
457 257
456 257
455 257
454 258
453 259
452 260
451 261
450 262
449 263
448 264
447 265
446 264
445 263
444 262
443 261
442 260
441 259
440 258
439 257
438 257
437 256
436 255
435 254
434 253
433 252
432 251
431 250
439 258
438 259
437 260
436 261
435 262
434 263
433 264
432 265
440 256
441 255
442 254
443 253
444 252
445 251
446 250
456 258
456 259
456 260
456 261
456 262
457 263
458 264
459 265
460 266
461 267
462 268
463 269
464 270
465 271
466 272
467 273
468 274
469 275
469 276
469 277
468 278
467 279
466 280
465 281
464 282
463 283
470 277
471 277
472 277
473 276
474 275
475 274
475 273
475 272
475 271
475 270
476 269
477 268
475 275
475 276
475 277
476 278
477 279
478 280
479 281
480 282
481 283
482 284
483 284
483 285
483 286
482 287
481 288
480 289
479 290
478 291
477 292
476 293
475 294
474 295
473 296
472 297
471 298
470 299
469 299
468 300
467 301
466 302
465 303
464 304
463 305
462 306
461 305
460 304
459 303
458 302
457 301
456 300
455 300
454 300
453 300
452 300
451 300
450 300
449 300
448 299
447 298
446 297
445 296
444 295
443 294
443 293
443 292
443 291
442 290
441 290
440 290
439 290
438 290
437 290
436 290
435 290
434 291
433 292
432 293
431 294
430 295
442 289
441 288
440 287
439 286
438 285
437 284
436 283
435 282
434 281
433 280
443 288
443 287
443 286
443 285
444 284
445 283
446 282
447 281
448 280
443 289
443 290
457 299
458 298
459 297
460 296
471 299
471 300
472 301
473 302
474 303
475 304
476 305
477 306
484 284
485 284
486 284
487 284
488 284
489 284
490 283
491 282
492 281
493 280
469 247
470 247
471 247
471 248
472 249
473 250
474 251
475 252
476 253
472 246
473 245
474 244
475 243
476 242
477 241
478 240
479 239
468 232
501 228
502 228
503 227
504 226
505 225
506 224
516 248
515 249
514 250
513 251
512 252
511 253
510 254
517 248
518 248
519 249
520 250
521 251
522 252
523 253
524 254
525 255
526 256
527 257
528 258
529 258
530 258
531 258
532 258
533 258
534 259
535 260
536 261
537 262
538 263
537 264
536 265
535 266
534 267
533 268
532 268
531 268
530 268
529 268
528 269
527 270
526 271
525 272
524 273
523 274
522 275
521 276
520 277
519 278
518 278
517 278
516 278
515 277
514 276
513 275
512 274
511 273
510 272
509 271
508 270
507 269
506 268
505 268
504 268
503 268
502 268
501 268
500 268
499 268
498 268
497 268
496 268
495 268
494 267
493 266
492 265
507 267
515 279
514 280
513 281
512 282
511 283
510 284
509 284
508 283
507 282
510 285
510 286
511 287
512 288
513 289
514 290
515 291
516 292
515 293
514 293
513 293
512 293
511 293
510 294
509 295
508 296
507 297
506 298
505 299
504 300
503 301
502 301
501 301
500 301
499 301
498 301
497 301
496 302
495 303
494 304
493 305
492 306
493 307
494 308
495 309
496 310
497 311
498 312
498 313
498 314
498 315
498 316
498 317
497 318
496 318
495 318
494 318
493 318
492 319
491 320
490 321
489 322
488 323
487 324
486 325
485 326
484 327
483 327
482 327
481 327
480 327
479 326
479 325
478 324
477 323
476 322
475 321
479 327
478 328
477 329
476 330
475 331
474 332
473 333
472 334
471 334
470 334
469 334
468 333
467 332
466 331
466 330
466 329
466 328
466 327
465 326
464 325
463 324
462 323
461 322
460 321
466 332
465 333
464 334
463 335
462 336
461 337
460 338
459 339
458 340
457 341
456 342
455 342
454 341
453 340
452 339
451 338
450 337
449 336
448 335
447 334
446 333
445 332
444 331
443 330
442 329
441 328
440 327
439 326
438 325
438 324
438 323
438 322
437 321
436 320
435 319
434 319
433 319
432 318
432 317
432 316
431 315
430 314
429 313
428 312
427 311
426 310
432 319
431 320
430 321
429 322
428 323
427 324
426 325
425 326
424 327
423 328
422 329
421 330
420 331
419 332
418 333
417 334
416 335
415 335
414 335
413 336
412 337
411 338
410 339
409 340
408 341
407 341
406 341
405 341
405 342
404 343
403 344
402 345
401 346
400 347
399 348
398 349
397 350
397 351
397 352
397 353
397 354
397 355
397 356
397 357
397 358
396 359
395 360
394 361
393 362
392 363
391 364
390 365
389 366
388 367
387 368
386 369
385 369
384 368
383 367
382 366
381 365
380 364
379 363
378 362
377 361
376 362
375 363
374 364
373 365
372 366
371 367
371 368
370 369
369 368
368 367
367 366
366 365
365 364
364 363
363 362
362 361
361 362
360 363
359 364
358 365
357 366
356 367
355 368
354 368
353 367
352 366
351 365
350 364
349 363
348 362
347 361
346 362
345 363
344 363
343 363
342 364
341 365
340 366
339 367
338 366
337 365
336 365
335 365
334 364
333 363
332 362
331 363
330 364
329 365
328 366
327 367
326 368
325 369
324 370
323 371
322 371
321 371
320 372
319 373
318 374
317 375
316 376
315 377
314 378
313 379
312 378
311 379
310 379
309 379
308 380
307 381
306 382
306 383
306 384
306 385
306 386
306 387
306 388
306 389
306 390
306 391
306 392
306 393
306 394
306 395
305 396
304 397
312 379
312 377
311 376
310 375
309 374
308 373
307 372
306 371
305 370
304 369
303 368
339 368
339 369
339 370
339 371
339 372
339 373
339 374
339 375
338 376
355 369
355 370
354 371
353 372
371 369
371 370
371 371
371 372
371 373
370 374
369 375
368 376
386 370
386 371
386 372
386 373
385 374
384 375
383 376
398 356
399 357
400 358
401 359
402 360
403 361
404 362
405 363
406 364
407 365
408 366
409 367
410 368
410 369
410 370
410 371
410 372
410 373
410 374
406 342
407 343
408 344
409 345
410 346
411 347
412 348
413 349
414 350
438 320
438 319
438 318
439 317
439 316
439 315
440 314
441 313
438 321
449 338
448 339
447 340
446 341
445 342
444 343
443 344
442 345
441 346
440 347
439 348
438 349
437 350
436 349
436 348
436 347
435 346
434 345
433 344
432 343
431 342
430 341
429 340
436 350
435 351
434 351
433 351
432 352
431 353
430 354
429 355
436 351
437 352
438 353
439 354
440 355
441 356
442 357
443 358
442 359
441 360
440 361
439 362
438 363
437 364
436 365
436 366
436 367
436 368
436 369
435 370
434 371
433 372
432 373
431 374
430 375
430 376
430 377
430 378
430 379
430 380
430 381
430 382
430 383
430 384
430 385
430 386
429 387
428 388
431 385
432 386
433 387
434 388
435 389
436 390
437 391
438 392
439 392
439 393
439 394
438 395
437 396
436 397
435 398
434 399
433 400
432 401
431 402
430 403
440 391
441 390
442 389
443 388
444 389
445 390
446 391
447 392
448 393
449 394
450 394
450 395
450 396
449 397
448 398
447 399
446 400
445 401
444 402
443 403
451 395
451 394
452 394
453 394
454 393
455 392
456 391
457 390
458 389
459 388
452 396
453 397
454 398
455 399
456 400
457 401
458 402
459 403
460 404
461 405
462 406
463 407
463 408
463 409
462 410
461 411
460 412
460 413
460 414
460 415
459 416
458 417
457 418
456 419
455 420
454 421
453 422
452 423
451 424
450 425
449 426
448 427
447 428
446 429
445 429
444 428
443 427
442 426
441 425
440 424
439 423
438 422
445 430
444 431
443 432
442 433
441 434
440 435
439 436
438 437
437 436
436 435
435 434
434 433
433 432
432 431
431 430
430 429
429 428
428 427
427 426
426 425
425 424
424 423
423 422
425 426
424 427
423 428
422 429
421 430
421 431
421 432
421 433
421 434
420 435
419 436
418 437
417 438
416 439
415 438
414 439
413 440
412 441
412 442
411 443
410 444
409 445
408 446
407 447
406 448
405 449
404 450
403 451
402 452
401 453
400 454
399 454
398 453
398 452
398 451
398 450
398 449
398 448
398 447
397 446
396 445
395 444
398 454
398 455
398 456
397 457
396 458
395 459
401 454
402 454
403 454
404 455
405 456
406 457
407 458
408 459
415 439
415 437
415 436
414 435
413 434
412 433
411 432
410 431
409 430
408 429
407 428
406 427
405 426
404 425
403 424
402 423
402 422
401 421
400 422
399 423
398 424
397 425
396 426
395 427
394 428
393 429
392 428
391 427
390 426
389 425
388 424
387 423
386 423
385 422
384 421
383 420
382 419
381 418
380 417
379 416
378 415
377 414
376 413
375 412
374 411
373 410
372 409
371 409
370 410
369 411
368 412
367 413
366 413
365 413
364 413
363 413
362 412
361 411
360 410
359 409
358 408
357 407
357 406
356 405
355 404
354 403
353 402
352 401
351 400
350 399
349 398
348 397
347 397
346 397
345 397
344 397
343 397
342 397
341 396
340 396
339 396
338 396
337 397
336 398
335 399
334 398
333 397
332 396
331 395
331 394
331 393
348 396
348 395
348 394
348 393
348 392
349 391
350 390
351 389
352 388
353 387
357 408
356 409
355 410
354 411
353 412
352 413
351 414
350 415
349 416
348 417
347 418
346 419
345 420
345 421
345 422
344 423
343 423
342 423
341 423
340 423
339 423
338 423
337 422
336 421
335 420
334 419
333 418
332 419
331 420
330 421
329 421
328 421
327 421
326 421
325 422
324 423
323 424
322 425
321 426
320 427
319 428
318 429
317 428
316 427
315 426
314 425
313 424
312 423
311 424
310 424
309 424
308 424
307 424
306 423
305 422
304 421
303 420
302 421
301 422
300 423
299 424
298 425
297 426
296 427
295 427
294 427
293 427
292 427
291 427
290 427
289 426
288 425
287 425
286 424
285 423
284 422
283 423
282 424
281 425
280 426
279 427
278 428
277 429
276 429
275 428
274 427
273 426
272 425
271 424
270 423
269 422
268 423
267 424
266 425
265 426
264 427
263 428
262 429
261 430
260 431
259 431
258 431
257 430
256 429
255 429
254 429
253 429
252 430
251 431
250 432
249 433
248 434
247 435
246 434
245 433
244 432
243 431
242 430
241 429
240 428
239 428
238 427
237 426
236 425
235 424
234 423
233 422
232 421
231 421
230 421
229 421
228 421
227 421
226 421
225 421
224 421
223 421
222 421
221 421
220 421
219 421
218 421
217 421
216 422
215 423
214 424
213 424
212 424
211 425
210 425
209 425
208 425
207 425
206 425
205 424
204 423
203 422
202 421
201 422
200 423
199 424
198 425
197 426
196 427
195 428
194 428
193 427
192 426
191 425
190 424
189 423
188 422
187 421
186 422
185 423
184 424
183 425
182 426
181 427
180 428
179 429
178 430
177 431
176 431
175 432
174 433
173 434
172 435
171 434
170 433
169 432
168 431
167 430
166 429
165 428
164 427
163 426
162 425
161 424
160 423
159 422
158 421
157 420
156 421
155 422
154 423
154 424
154 425
153 426
152 427
151 428
150 429
149 430
148 431
147 432
146 433
145 434
144 434
143 434
142 434
141 434
140 434
139 434
138 434
137 433
136 432
135 431
134 430
133 429
132 428
131 427
130 426
129 425
128 424
127 423
126 422
125 421
124 420
123 419
122 418
122 417
121 416
120 417
119 418
118 419
117 420
116 421
115 422
115 423
115 424
114 425
113 426
112 427
111 428
110 429
109 430
108 431
107 432
106 433
122 415
122 414
122 413
122 412
122 411
123 410
124 409
122 416
131 429
130 430
129 431
128 432
127 433
126 434
125 435
124 436
123 437
122 438
121 439
133 427
134 426
135 425
136 424
137 423
138 422
139 421
139 420
139 419
139 418
154 426
164 428
163 429
162 430
161 431
160 432
159 433
158 434
157 435
165 427
166 426
167 425
168 424
169 423
170 422
171 421
172 420
193 429
192 430
191 431
190 432
189 433
188 434
187 435
196 429
197 430
198 431
199 432
200 433
201 434
202 435
208 426
209 427
210 428
211 429
212 430
213 431
214 432
215 433
216 434
217 435
238 429
237 430
236 431
235 432
234 433
233 434
232 435
256 428
256 427
256 426
256 425
256 424
255 423
254 422
258 432
258 433
259 434
260 435
261 436
262 437
278 429
278 430
278 431
278 432
278 433
278 434
278 435
278 436
277 437
297 427
297 428
297 429
298 430
299 431
300 432
301 433
302 434
303 435
304 436
305 437
306 438
307 439
308 440
308 441
308 442
308 443
308 444
307 445
306 445
305 445
304 446
303 447
302 448
301 449
300 450
299 451
300 452
301 453
302 454
303 455
304 456
305 457
306 458
307 459
308 460
309 461
310 462
311 463
312 464
312 465
311 466
310 467
309 468
308 469
308 470
308 471
308 472
308 473
308 474
308 475
308 476
308 477
307 478
306 479
305 480
304 481
303 482
302 483
301 484
300 484
299 485
298 486
297 486
296 485
295 484
294 483
293 482
293 481
293 480
293 479
293 478
293 477
293 476
293 475
293 474
293 473
293 472
293 471
293 470
293 469
298 487
298 488
298 489
298 490
298 491
298 492
297 493
296 494
295 495
294 496
293 497
301 485
302 486
303 487
304 488
305 489
306 490
307 491
308 492
313 464
308 445
309 445
310 446
311 447
312 448
313 449
313 422
313 423
314 421
315 420
316 419
317 418
318 417
338 424
337 425
336 426
335 427
334 428
333 429
345 423
345 424
345 425
345 426
346 427
347 428
348 429
366 414
366 415
366 416
365 417
364 418
363 419
372 408
372 407
372 406
373 405
374 404
375 403
376 402
377 401
378 400
377 399
376 398
375 397
374 396
373 395
372 394
372 393
372 392
387 424
386 425
385 426
384 427
383 428
382 428
381 428
380 428
379 429
378 430
377 431
376 432
375 433
374 434
373 435
372 436
371 437
370 438
369 437
368 436
367 435
366 434
365 433
364 432
363 431
369 438
368 439
367 440
366 441
365 442
364 443
363 444
362 445
361 446
360 447
359 448
358 449
357 450
356 451
357 452
358 453
359 454
360 455
361 456
362 457
362 458
362 459
362 460
362 461
361 462
360 463
359 464
358 465
357 466
356 465
355 465
354 465
353 465
352 465
351 465
350 465
349 465
348 465
347 465
346 465
345 464
344 463
343 462
342 461
341 460
348 466
348 467
348 468
348 469
347 470
346 471
345 472
344 473
343 474
342 475
363 460
364 460
365 460
366 460
367 461
368 462
369 463
370 464
371 465
372 466
373 467
374 468
374 469
374 470
374 471
374 472
374 473
374 474
374 475
374 476
374 477
374 478
374 479
373 480
372 481
373 482
374 483
375 484
376 485
377 486
377 487
377 488
377 489
377 490
377 491
377 492
376 493
375 494
374 495
373 496
372 497
371 498
370 499
369 500
368 501
367 502
366 502
365 502
364 502
363 501
362 500
361 499
360 498
359 497
358 496
357 495
356 494
355 493
354 492
353 492
352 492
351 491
350 490
349 489
348 489
347 489
346 489
345 489
344 489
343 489
342 490
341 491
340 492
339 493
338 494
337 495
336 494
336 493
336 492
335 491
334 490
333 489
332 488
331 487
330 486
329 485
328 484
327 483
336 495
336 496
336 497
336 498
335 499
335 500
335 501
334 502
333 503
332 504
331 505
336 499
337 499
338 500
339 501
340 502
341 503
342 504
343 505
350 488
351 487
352 486
353 485
354 484
355 483
356 482
357 481
366 503
365 504
364 505
363 506
362 507
361 508
360 509
359 510
358 511
368 502
369 503
370 504
371 505
372 506
373 507
374 508
378 489
379 489
380 488
381 487
382 486
383 485
384 484
385 483
386 482
387 481
388 482
389 483
390 484
391 485
392 486
393 487
394 488
395 489
396 489
397 489
398 489
399 490
400 491
401 492
402 493
403 492
404 491
405 490
406 489
407 488
408 487
409 487
410 487
411 486
410 485
409 484
408 483
407 482
406 481
405 480
404 479
403 478
402 477
411 487
412 486
413 485
414 484
415 483
416 482
412 488
412 489
412 490
412 491
412 492
412 493
413 494
414 495
415 496
416 497
402 420
402 419
401 418
400 417
399 416
398 415
397 414
398 414
399 414
400 414
401 414
402 414
403 413
404 412
405 411
406 410
407 409
408 408
409 407
410 406
411 405
402 421
421 435
422 436
423 437
447 429
454 423
455 424
456 425
457 426
458 427
459 428
458 429
457 430
457 431
457 432
457 433
456 434
455 435
454 436
453 437
460 428
460 429
461 428
462 428
463 427
464 426
465 425
466 424
467 423
468 422
461 430
462 431
463 432
464 433
465 434
466 435
467 436
468 437
464 409
465 409
466 408
467 407
468 406
469 405
470 404
471 403
472 402
436 370
437 370
438 370
439 370
440 370
441 371
442 372
443 373
450 338
456 343
456 344
456 345
456 346
456 347
456 348
456 349
456 350
457 351
458 352
470 335
471 336
472 337
473 338
474 339
475 340
475 341
475 342
475 343
475 344
475 345
475 346
476 346
477 346
478 346
479 346
479 347
479 348
478 349
477 350
476 351
475 352
474 353
473 354
480 346
481 346
481 347
482 346
483 345
484 344
485 343
486 342
487 341
488 340
489 339
482 348
483 349
484 350
485 351
486 352
487 353
488 354
498 318
499 318
500 318
501 318
502 318
503 319
504 320
505 321
503 302
504 303
505 304
506 305
507 306
516 293
517 293
518 293
519 293
520 293
521 292
522 291
539 262
540 261
541 260
542 259
543 258
544 257
545 257
546 256
545 255
544 254
543 253
542 252
541 251
540 250
539 249
538 248
546 257
547 258
548 259
549 260
550 261
551 262
552 263
553 264
554 265
555 266
556 267
557 268
558 269
559 269
560 269
561 269
561 270
560 271
559 272
558 273
557 274
556 275
555 276
554 277
553 278
552 279
551 280
550 281
549 282
548 283
547 284
546 285
545 286
544 285
543 284
542 283
541 282
540 281
539 280
538 279
537 278
544 286
543 287
542 288
541 289
540 290
539 291
538 292
537 293
538 294
539 295
540 296
541 297
542 298
543 299
543 300
543 301
543 302
542 303
541 304
540 305
539 306
538 307
537 308
536 309
535 310
534 311
533 312
532 313
531 313
530 313
529 313
528 313
527 312
526 311
525 310
525 309
524 308
523 307
522 306
527 314
526 315
525 316
524 317
523 318
522 319
521 320
520 321
531 314
531 315
532 316
533 317
534 318
535 319
536 320
537 321
538 322
539 323
540 324
541 325
542 326
543 327
544 328
545 329
546 330
547 331
548 330
548 329
548 328
549 327
550 326
551 325
552 324
548 331
548 332
548 333
548 334
548 335
548 336
548 337
548 338
549 339
548 340
547 341
546 342
545 343
544 344
543 345
542 346
541 345
540 344
539 343
538 342
537 341
536 340
535 339
534 338
542 347
541 348
540 348
539 348
538 348
537 349
536 350
535 351
534 352
533 353
532 352
531 352
530 352
529 352
528 352
527 352
526 352
525 352
524 352
523 352
522 352
521 352
520 352
519 353
518 354
517 353
516 352
515 351
514 350
513 349
512 348
512 347
511 346
510 345
509 344
508 343
507 342
506 341
505 340
504 339
512 346
513 345
514 344
515 343
516 342
517 341
518 340
519 339
517 355
516 356
515 357
514 358
513 359
512 360
511 361
510 361
509 360
508 359
507 358
506 357
505 356
504 355
503 354
511 362
510 363
509 364
508 365
507 366
506 367
505 368
504 369
512 362
513 363
514 364
515 365
516 366
517 367
518 368
519 369
518 370
517 371
516 372
515 373
514 374
513 374
513 375
513 376
513 377
512 378
511 379
510 380
509 381
508 382
507 383
506 384
505 385
504 386
503 386
502 386
501 386
500 386
499 386
498 386
497 386
496 386
495 385
494 384
493 383
492 382
491 381
490 380
489 379
488 379
487 379
486 378
485 377
484 376
483 375
482 374
481 374
480 373
480 372
480 371
480 370
479 369
480 374
479 375
478 376
477 377
476 378
475 379
474 379
473 378
472 377
471 376
470 375
469 374
468 373
467 372
466 371
465 370
464 369
475 380
475 381
474 382
473 383
472 384
483 374
484 374
485 373
486 372
487 371
488 370
489 369
487 380
486 381
485 382
484 383
483 384
498 387
498 388
497 389
496 390
495 391
494 392
493 393
492 394
491 395
490 396
489 397
488 398
487 399
488 399
489 399
490 399
491 399
492 399
493 399
494 399
495 400
496 401
497 402
498 403
499 404
507 384
508 384
509 384
510 384
511 384
512 384
513 385
514 386
515 387
516 388
517 389
518 390
519 391
520 392
521 392
522 392
523 392
523 393
523 394
523 395
523 396
523 397
523 398
523 399
523 400
522 401
521 401
520 401
519 401
518 401
517 401
516 402
515 403
514 404
523 401
524 392
525 391
526 390
527 389
528 388
529 387
530 386
531 385
532 384
533 384
534 384
535 384
536 384
537 384
538 384
539 383
539 384
539 385
539 386
540 387
541 388
542 389
543 390
544 391
545 392
546 392
547 392
548 392
549 392
550 391
551 390
552 389
553 388
554 387
555 386
556 385
540 382
541 381
542 380
543 379
544 378
545 377
542 348
543 349
544 350
545 351
546 352
547 353
548 354
544 301
545 302
546 303
547 304
548 305
549 306
550 307
551 308
552 309
544 287
545 287
546 288
547 289
548 290
549 291
550 292
551 293
552 294
562 269
563 269
564 269
565 268
565 269
566 269
567 270
568 271
569 272
569 273
570 274
571 275
572 276
573 277
574 278
575 279
566 267
567 266
568 265
569 264
570 263
571 262
572 261
573 260
574 259
575 258
576 257
577 256
578 255
579 254
580 253
581 252
582 251
583 250
584 249
584 250
585 250
586 250
587 251
588 252
588 253
588 254
589 255
590 256
591 257
592 258
593 259
594 260
595 261
596 262
597 263
598 263
599 263
600 263
601 263
601 264
600 265
599 266
598 267
597 268
596 269
595 270
594 271
593 272
592 273
591 274
590 275
595 271
596 271
597 271
598 271
599 271
600 271
601 272
602 273
603 274
604 275
605 276
606 277
607 278
608 279
609 280
610 281
610 282
610 283
610 284
610 285
610 286
609 287
608 287
607 288
606 289
605 290
604 291
603 292
602 293
601 294
600 295
599 296
598 297
597 298
596 299
595 300
594 301
593 302
592 303
591 304
590 305
589 304
588 303
587 302
586 301
585 300
584 299
583 298
582 298
581 298
580 298
579 298
578 297
577 296
576 295
575 294
583 297
584 296
585 295
586 294
587 293
588 292
589 291
590 290
583 299
583 300
583 301
582 302
581 303
580 304
579 305
578 306
577 307
576 308
575 309
576 310
577 311
578 312
579 313
580 314
581 315
582 316
582 317
581 318
580 319
579 320
578 321
577 322
576 323
575 324
583 317
584 317
585 317
586 317
587 317
588 318
589 319
590 320
589 321
588 322
587 323
586 324
586 325
586 326
586 327
586 328
587 329
588 330
589 330
589 331
588 332
587 333
586 334
585 335
584 336
583 337
582 338
581 339
580 340
579 341
578 342
577 343
576 344
575 345
574 346
573 347
572 348
571 348
570 348
569 348
568 348
567 348
590 330
591 330
592 331
593 332
594 333
595 334
596 335
597 336
598 337
599 338
600 339
601 340
602 341
603 342
604 343
603 344
602 345
601 346
600 347
599 348
598 349
597 350
596 351
595 352
594 353
593 354
592 355
591 355
590 355
589 354
588 353
587 352
586 352
585 352
584 352
583 353
582 354
590 356
590 357
590 358
591 359
592 360
593 361
594 362
595 363
596 364
597 365
596 366
595 367
594 368
593 369
592 370
591 371
590 371
589 371
588 371
587 371
586 372
585 372
584 371
583 370
582 369
592 371
593 372
594 373
595 374
596 375
597 376
598 377
599 378
600 379
601 380
602 381
603 382
604 383
605 383
606 383
607 383
608 383
609 384
610 385
609 386
608 387
607 388
606 389
605 390
604 391
603 392
602 393
601 394
600 394
599 394
598 394
597 394
596 394
595 394
594 394
593 394
592 393
591 394
590 394
589 394
588 394
587 395
586 396
585 397
584 398
583 399
582 398
581 397
580 396
579 395
578 394
577 393
576 392
575 391
574 390
573 389
572 388
571 387
584 400
585 401
586 402
587 403
588 404
589 405
590 406
591 407
592 408
592 409
592 410
592 411
592 412
591 413
590 413
589 413
588 413
587 413
586 413
585 413
584 413
583 414
582 415
581 416
580 417
579 418
578 419
577 420
576 421
575 422
574 423
573 424
572 425
571 426
570 427
570 428
569 429
568 429
567 429
566 429
565 429
564 429
563 429
562 429
561 428
560 429
559 430
558 431
557 432
556 433
555 434
556 435
557 436
558 437
561 429
561 427
561 426
560 425
559 424
558 423
557 422
556 421
555 420
554 419
553 418
552 417
551 416
550 415
549 414
548 413
548 412
548 411
547 410
546 409
545 408
544 407
548 414
548 415
548 416
548 417
547 418
546 419
545 420
544 421
543 422
542 423
541 424
540 425
539 426
538 427
537 428
536 429
535 430
534 431
533 432
532 433
531 434
530 435
529 436
528 437
527 436
526 435
525 434
524 433
523 432
522 431
521 430
521 429
520 428
519 427
518 427
517 426
516 425
515 424
514 423
513 422
512 423
511 424
510 425
509 426
508 427
507 427
506 427
505 427
504 427
503 427
502 426
501 425
500 424
499 423
498 422
497 423
496 424
495 425
494 426
493 427
492 428
491 428
490 428
489 428
488 427
487 426
486 425
485 424
484 423
483 422
490 429
490 430
489 431
488 432
487 433
486 434
485 435
484 436
483 437
504 428
503 429
502 430
501 431
501 432
501 433
501 434
500 435
499 436
498 437
518 428
517 429
516 430
516 431
516 432
516 433
516 434
515 435
514 436
513 437
522 428
523 427
524 426
525 425
526 424
527 423
528 422
538 428
538 429
538 430
538 431
538 432
539 433
540 434
541 435
542 436
543 437
570 429
570 430
570 431
570 432
570 433
570 434
571 435
572 436
573 437
592 413
593 413
594 413
594 414
595 415
596 416
597 417
598 418
599 419
600 420
601 421
602 422
603 423
604 424
603 425
602 426
601 427
600 428
600 429
599 430
598 430
597 430
596 430
595 430
594 430
593 430
592 430
591 430
590 430
589 429
600 430
601 431
601 432
601 433
601 434
600 435
599 436
598 437
597 438
596 439
595 440
594 441
593 442
592 442
591 442
590 443
589 444
601 435
601 436
602 437
603 438
604 439
595 412
596 411
597 410
598 409
592 394
592 392
592 391
592 390
591 389
590 388
589 387
588 386
587 385
586 384
611 385
612 385
613 385
614 385
615 385
616 384
617 383
618 382
619 382
620 382
621 382
622 381
623 380
624 379
625 378
626 377
626 376
626 375
626 374
626 373
626 372
626 371
626 370
627 369
626 378
626 379
627 380
628 381
629 382
630 383
631 384
632 385
633 386
634 387
635 388
636 389
637 390
638 390
639 390
639 391
639 392
639 393
639 394
638 395
637 396
636 397
635 398
634 399
633 400
632 401
631 402
630 403
629 404
628 403
627 403
626 402
625 401
624 400
623 399
629 405
629 406
629 407
629 408
628 409
627 410
626 411
625 412
624 413
623 414
630 404
631 404
632 405
633 406
634 407
635 408
636 409
637 410
638 411
639 395
640 396
641 397
642 398
643 399
640 390
641 389
642 388
643 387
644 386
645 385
646 384
604 344
605 344
606 344
607 344
608 344
609 343
610 342
611 341
612 342
613 343
614 344
615 345
616 346
617 347
618 348
619 349
620 348
620 347
620 346
620 345
621 344
622 343
623 342
624 341
625 340
626 339
620 349
621 349
622 349
623 349
624 350
625 351
626 352
627 353
628 354
598 299
599 300
600 301
601 302
602 302
603 303
604 304
605 305
606 306
607 307
607 308
607 309
607 310
607 311
607 312
607 313
607 314
607 315
607 316
607 317
607 318
606 319
605 320
608 312
609 311
610 310
611 309
612 309
613 309
614 309
615 309
616 308
616 309
617 310
618 311
619 312
620 313
621 314
622 315
623 316
624 317
625 318
626 319
627 320
628 321
628 322
617 307
618 306
619 305
620 304
621 303
622 302
623 301
624 300
625 299
610 287
611 286
612 285
613 284
614 283
615 282
616 281
617 280
618 279
619 278
620 277
621 276
622 275
623 274
624 273
625 272
625 271
625 270
625 269
625 268
625 267
625 266
625 265
625 264
625 263
625 262
626 268
627 269
628 270
629 271
630 272
631 273
632 274
633 275
602 263
603 263
604 263
605 262
606 261
585 248
586 247
587 246
588 245
589 244
590 243
591 242
590 241
589 240
588 239
587 238
586 237
585 236
584 235
583 234
582 233
581 232
580 231
579 230
578 229
577 228
576 227
584 234
585 233
586 232
587 231
588 230
589 229
590 228
591 227
592 226
593 225
594 224
595 223
596 222
597 221
598 220
598 219
597 218
596 217
595 216
594 215
593 214
592 213
591 212
590 211
589 210
588 209
587 208
586 207
585 208
584 208
583 208
582 208
581 208
580 209
579 208
578 207
577 206
576 205
575 204
574 203
573 202
572 201
571 200
570 199
569 198
568 197
579 209
578 210
577 211
576 212
586 208
587 206
587 205
587 204
587 203
587 202
587 201
586 200
585 199
584 198
583 197
582 196
582 195
582 194
582 193
582 192
582 191
582 190
582 189
582 188
582 187
582 186
582 185
582 184
581 183
580 182
583 185
584 184
585 183
586 182
587 181
588 180
589 179
590 178
590 177
590 176
590 175
590 174
589 173
588 172
587 171
586 170
585 169
584 168
583 167
591 174
592 173
593 172
594 171
595 170
596 169
597 168
598 167
597 166
596 165
596 164
596 163
596 162
596 161
596 160
596 159
596 158
595 157
594 156
593 155
592 154
591 153
590 152
589 151
588 150
587 149
586 150
585 151
584 152
588 148
588 147
588 146
588 145
588 144
588 143
588 142
588 141
588 140
587 139
586 138
585 137
584 136
583 135
582 134
582 133
582 132
582 131
581 130
580 129
579 128
578 127
577 126
576 125
575 124
574 123
573 122
572 121
573 120
574 119
575 119
576 119
577 119
578 119
579 118
580 117
581 116
582 115
581 114
580 114
579 113
578 112
577 111
576 110
575 109
574 108
573 107
572 106
582 113
582 112
582 111
582 110
582 109
582 108
583 107
584 106
585 105
586 104
587 103
582 114
583 114
584 115
585 116
586 117
587 118
588 117
589 116
590 115
591 115
592 115
593 115
594 115
595 114
595 115
596 116
597 117
598 118
599 119
600 120
601 121
602 122
596 113
597 112
598 111
599 110
600 109
601 108
602 107
589 142
590 142
591 142
592 142
593 141
594 140
595 139
596 138
597 137
588 149
596 156
596 155
597 154
598 153
599 152
596 157
591 178
592 179
593 180
594 181
595 182
588 204
589 204
590 204
591 204
592 203
593 202
594 201
595 200
596 199
597 198
598 197
599 197
600 197
601 197
602 197
603 197
604 198
605 199
606 200
607 201
608 202
609 203
610 204
611 205
612 204
613 204
614 204
615 204
616 204
617 204
618 204
619 203
619 202
620 201
621 200
622 199
623 198
624 197
625 196
626 195
627 194
628 193
629 192
629 191
629 190
629 189
629 188
629 187
629 186
629 185
629 184
629 183
629 182
629 181
629 180
629 179
629 178
628 177
627 176
626 175
625 174
624 173
624 172
624 171
624 170
624 169
624 168
624 167
623 166
622 166
621 165
620 164
619 163
618 162
617 161
616 160
615 159
614 158
615 157
616 156
617 155
618 154
619 153
620 152
621 151
622 150
623 149
624 148
625 147
626 146
627 145
628 144
629 143
630 142
630 141
630 140
629 139
628 138
627 137
626 136
625 135
624 134
623 133
622 132
630 139
631 138
631 139
632 140
633 141
634 142
635 142
636 143
637 144
638 145
639 146
640 147
632 137
633 136
634 135
635 134
636 133
637 132
624 166
625 166
626 165
627 164
628 163
629 162
630 163
631 164
632 164
633 164
634 164
635 164
636 164
637 164
638 164
639 164
640 163
641 162
642 161
643 160
644 159
619 204
620 204
621 204
622 204
623 204
624 205
625 206
626 207
599 220
600 220
601 220
602 220
603 221
604 222
605 223
606 224
607 225
608 226
609 227
610 228
611 229
612 230
613 231
613 232
612 233
611 234
610 235
609 236
608 237
607 238
606 239
614 232
615 233
616 234
617 235
618 236
619 235
619 234
620 233
621 232
622 231
623 230
624 229
625 228
626 227
619 236
619 237
620 238
621 239
622 240
623 241
624 242
625 243
626 244
627 245
628 246
628 247
583 236
582 237
581 237
580 238
579 239
578 240
577 241
576 242
547 255
548 254
549 253
550 252
551 251
552 250
553 249
547 225
547 226
547 227
547 228
548 229
549 230
550 231
551 232
552 233
553 234
548 224
549 223
550 222
551 221
552 220
553 219
539 205
540 204
541 203
542 202
543 201
544 200
545 199
546 199
547 198
547 197
547 196
548 195
549 194
550 193
551 192
552 191
553 190
547 199
548 199
549 200
550 201
551 202
552 203
553 204
523 153
524 154
525 155
526 156
527 157
528 158
529 159
530 158
531 157
532 157
533 157
534 157
535 157
536 157
537 157
537 158
538 159
539 160
540 161
541 162
542 163
543 164
544 165
545 166
546 167
546 168
546 169
546 170
546 171
546 172
547 173
548 174
549 175
547 167
548 166
549 165
550 164
551 163
552 162
553 161
554 160
555 161
556 162
557 163
558 163
559 163
560 163
561 163
562 163
563 163
564 163
565 162
566 161
567 160
568 159
569 158
538 156
539 155
540 154
541 153
542 152
543 151
544 150
545 149
546 148
547 147
523 150
524 149
525 148
526 147
527 146
528 145
529 144
492 112
493 111
494 110
495 109
496 108
497 107
445 119
446 120
447 121
448 122
395 118
396 118
397 119
398 120
399 121
400 122
401 123
402 124
403 125
389 126
390 127
391 128
392 129
392 130
392 131
392 132
392 133
391 134
390 135
389 136
388 137
387 138
386 139
385 140
384 141
383 142
382 143
381 144
380 145
379 146
378 147
377 148
376 149
375 150
374 150
392 134
392 135
392 136
392 137
392 138
393 139
394 140
395 141
396 142
397 143
398 143
399 143
400 143
401 143
402 143
403 143
404 143
405 143
406 143
407 143
408 143
409 143
410 143
411 143
412 143
369 121
370 122
371 123
372 124
373 125
356 123
357 124
358 125
307 142
308 142
309 142
310 142
311 143
312 144
313 145
314 146
315 147
316 147
317 147
318 147
319 147
320 147
321 147
322 147
323 147
324 147
325 147
326 147
327 147
328 147
329 147
330 147
331 146
332 145
333 144
334 143
335 143
336 143
337 143
338 143
339 143
340 143
341 143
342 143
343 143
344 143
345 143
346 143
347 143
348 143
349 143
350 143
351 143
352 144
353 145
354 146
355 147
356 148
251 171
252 172
253 173
254 174
255 175
256 176
257 177
258 178
259 179
260 180
261 181
243 187
244 188
245 189
246 190
247 191
248 192
249 193
250 194
251 195
252 196
231 204
245 217
245 218
244 219
243 220
242 221
241 222
240 223
239 224
238 225
237 226
251 212
252 211
257 221
256 222
255 223
254 224
253 225
252 226
259 221
260 219
261 218
262 217
263 216
264 215
264 214
265 213
266 212
267 211
268 210
269 209
270 208
271 207
271 206
271 205
271 204
271 203
271 202
271 201
271 200
270 199
269 198
268 197
267 196
268 195
269 194
270 193
271 192
272 191
273 190
274 190
275 190
276 190
277 191
278 192
279 193
280 194
281 195
282 196
283 195
284 194
285 193
286 192
287 191
288 190
289 189
289 188
290 187
289 186
288 185
287 184
286 183
285 182
284 181
290 188
291 188
292 187
292 188
293 188
294 188
295 189
296 190
297 191
298 192
299 193
300 194
293 186
294 185
295 184
296 183
297 182
298 181
299 180
300 179
272 202
273 202
274 203
275 204
276 205
277 206
278 207
279 208
280 209
281 210
282 211
270 229
271 229
272 229
273 229
274 229
275 229
276 229
277 229
278 229
279 229
280 228
281 227
282 226
266 234
265 235
264 236
263 237
262 238
261 239
260 240
259 241
281 249
280 250
279 251
278 252
277 253
276 254
275 255
274 256
282 248
283 247
284 246
285 245
286 244
287 243
288 242
289 241
295 276
296 276
297 277
298 278
299 279
300 280
301 281
302 282
303 283
304 284
305 283
306 282
307 281
308 280
309 279
310 278
311 277
312 276
312 275
311 274
310 274
309 274
308 273
307 272
306 271
305 270
304 269
312 273
312 272
312 271
312 270
312 269
313 268
314 267
315 266
316 265
317 264
318 263
319 262
312 274
313 274
314 274
315 274
316 274
317 275
318 276
319 277
297 309
298 310
299 311
300 312
301 313
302 314
329 304
330 304
331 304
332 305
333 306
334 307
343 290
344 290
345 290
346 290
347 290
348 291
349 292
847
240 399
71 137
87 167
87 143
181 398
102 390
103 342
88 384
106 433
284 181
256 399
181 382
183 142
183 157
125 203
416 497
73 268
353 402
353 387
104 361
512 142
460 321
356 148
544 407
320 344
303 420
284 422
282 162
281 400
281 383
132 375
91 252
91 234
22 215
497 142
482 144
475 321
490 321
505 321
520 321
416 482
402 493
320 329
282 147
269 422
254 422
135 342
132 390
335 399
91 267
91 282
22 324
335 343
350 343
521 224
506 224
491 224
476 224
472 402
412 143
397 143
382 143
408 459
335 328
350 328
322 202
337 202
322 217
352 202
337 217
352 217
322 184
337 184
352 184
282 124
267 124
252 124
237 124
222 124
207 124
192 124
177 124
282 109
267 109
252 109
237 109
222 109
207 109
192 109
72 229
240 367
157 435
157 420
172 435
172 420
187 435
187 421
202 435
202 421
217 435
217 421
232 435
232 421
247 435
262 437
277 437
143 123
143 108
158 107
72 244
91 310
91 325
64 290
63 252
60 234
60 307
51 334
304 397
89 361
514 404
499 404
487 399
303 435
318 429
333 429
90 219
120 342
104 144
293 497
293 482
308 492
124 409
460 223
367 185
322 169
337 169
352 169
367 170
313 449
299 451
312 49
312 92
312 77
622 132
313 464
308 477
604 439
602 107
587 103
572 106
557 107
542 107
527 107
512 107
497 107
482 107
467 107
452 107
437 107
422 107
403 125
388 125
373 125
358 125
55 183
70 183
85 183
100 184
115 183
130 184
106 169
121 167
602 122
587 118
411 405
282 196
282 211
623 414
589 444
168 142
165 157
135 360
119 360
132 428
604 424
589 429
597 137
343 125
312 62
198 162
213 162
228 162
243 162
258 162
193 180
131 292
136 169
134 154
119 152
106 310
106 325
293 44
65 341
65 204
598 409
443 403
443 388
443 373
430 403
428 388
442 142
442 157
441 172
430 143
427 157
402 477
367 204
367 219
164 172
137 251
121 310
121 325
136 310
136 325
117 137
395 459
395 444
410 444
348 429
363 431
378 430
393 429
408 429
423 437
438 437
423 422
453 437
468 437
483 437
498 437
513 437
528 437
543 437
558 437
438 422
453 422
468 422
483 422
498 422
513 422
528 422
543 422
573 437
558 423
378 415
378 400
84 340
165 187
150 186
140 203
106 234
105 219
120 220
120 235
135 233
135 218
407 110
392 110
396 95
396 80
411 95
411 80
376 113
365 341
365 326
363 419
348 417
297 59
297 74
300 89
301 104
301 119
301 134
300 149
300 164
300 179
300 194
316 112
331 112
346 112
361 110
315 147
330 147
304 209
517 389
266 383
270 398
254 384
240 384
107 108
122 102
127 117
112 122
646 384
304 224
282 226
644 159
640 147
625 147
629 162
628 177
629 192
626 207
614 158
599 152
274 142
86 401
611 205
572 121
582 134
584 152
553 122
538 122
523 122
508 122
493 122
478 122
463 122
448 122
433 122
319 232
334 232
349 232
364 234
304 239
319 247
334 247
349 247
364 249
304 254
289 241
289 256
319 262
334 262
349 262
364 264
304 269
289 271
319 277
334 277
349 277
364 279
304 284
289 286
319 292
334 292
349 292
364 294
304 299
289 301
319 307
334 307
349 307
364 309
302 314
302 329
302 344
274 241
274 256
274 271
274 286
274 301
267 226
267 211
267 196
250 361
259 241
259 256
259 271
259 286
259 301
252 226
252 211
252 196
244 241
244 256
244 271
244 286
244 301
237 226
237 211
237 196
237 181
229 241
229 256
229 271
229 286
229 301
222 226
222 211
222 196
214 241
214 256
214 271
214 286
214 301
207 226
207 211
207 196
192 195
192 210
192 225
199 240
199 255
199 270
199 285
199 300
193 365
184 240
184 255
184 270
184 285
184 300
177 225
153 145
74 359
59 358
21 339
21 354
623 399
638 411
643 399
631 384
616 384
627 369
628 354
626 339
611 341
241 352
155 201
152 216
148 231
163 231
155 246
293 469
281 316
281 331
266 316
251 316
266 331
236 316
251 331
221 316
236 331
221 331
206 315
206 330
191 315
191 330
226 346
211 345
196 345
181 345
256 346
271 346
286 346
179 362
176 315
196 382
211 382
152 397
152 382
164 399
167 384
165 369
151 367
164 354
150 353
166 339
153 338
163 324
163 309
154 294
169 294
169 279
169 264
154 279
154 264
139 266
139 281
169 249
44 355
396 65
411 65
402 50
417 45
422 58
382 172
382 187
380 337
380 322
379 307
379 292
379 277
379 262
379 247
379 232
382 213
345 143
598 167
583 167
569 158
443 358
458 352
459 339
474 339
489 339
504 339
519 339
473 354
488 354
503 354
518 354
444 343
519 369
504 369
489 369
441 328
441 313
533 353
534 338
539 323
552 324
552 309
552 294
537 308
537 293
549 339
548 354
522 306
507 306
492 306
477 306
462 306
522 291
552 279
537 278
522 275
553 264
538 263
553 249
553 234
553 219
538 248
539 233
539 218
524 239
509 239
494 239
479 239
461 238
524 254
553 204
538 206
523 205
508 205
493 205
478 205
463 205
553 190
464 369
568 197
576 212
576 227
576 242
576 257
583 197
580 182
595 182
598 197
591 212
591 227
591 242
591 257
448 205
442 220
442 235
441 187
456 192
471 190
486 190
501 190
516 190
520 175
505 175
490 175
475 176
433 205
427 220
427 235
431 250
446 250
432 265
447 265
433 280
448 280
461 253
462 268
476 253
477 268
463 283
430 295
426 310
426 325
445 296
429 340
429 355
478 291
414 350
414 335
418 205
427 190
333 418
318 417
196 397
71 152
55 156
55 141
328 124
49 207
30 183
409 173
397 180
397 195
412 190
403 205
116 295
124 280
124 265
109 280
109 265
114 250
601 394
492 265
493 280
507 282
507 267
510 254
459 143
399 348
262 143
55 399
38 324
606 239
621 239
606 261
583 414
583 399
586 384
601 380
571 387
597 365
582 369
597 350
582 354
596 335
581 339
575 324
575 309
575 294
590 320
590 305
590 290
575 279
590 275
605 320
605 305
605 290
605 276
620 313
620 277
625 262
567 348
625 299
471 142
327 59
249 181
97 291
395 325
394 310
394 295
394 280
394 265
394 250
394 235
396 220
409 244
409 259
409 274
409 289
409 304
374 150
29 365
200 143
37 339
460 296
574 423
478 280
471 157
458 160
332 362
347 361
338 376
353 372
368 376
362 361
377 361
392 363
405 363
321 371
177 205
626 227
529 159
479 369
459 403
459 388
267 158
115 422
556 385
545 392
432 373
372 392
167 216
554 160
539 160
464 173
387 481
266 366
20 202
606 224
181 330
71 404
71 389
545 377
55 384
39 158
538 192
342 59
336 74
351 74
357 59
366 74
372 59
387 58
354 89
335 44
350 44
365 44
356 29
369 85
121 439
226 383
150 314
494 160
286 58
101 377
40 384
24 174
505 160
397 414
237 143
225 143
212 143
130 139
494 384
372 481
372 466
373 496
358 496
357 481
357 466
356 451
341 460
342 475
342 490
343 505
358 511
327 483
78 344
410 374
104 159
72 214
20 187
331 505
38 215
549 175
530 386
637 132
517 157
60 279
180 183
332 32
145 434
72 324
415 219
303 368
376 35
306 382
280 361
210 181
633 275
426 172
250 142
210 365
547 147
507 297
156 160
45 183
506 384
286 73
117 387
78 199
529 144
483 161
523 401
100 132
483 384
261 181
158 122
102 202
331 393
173 107
628 247
228 366
472 384
374 508
383 376
139 418
51 323
228 181
544 132
35 200
628 322
569 272
422 73
58 266
89 159
