2632
279 203
279 204
279 205
279 206
279 207
279 208
279 209
280 210
281 211
282 212
283 213
284 214
285 215
286 216
287 217
288 218
287 219
286 220
285 221
284 222
283 223
282 224
281 225
280 226
279 227
278 228
277 229
276 230
275 229
274 229
273 229
272 229
271 229
270 229
269 229
268 229
267 229
266 229
265 229
264 229
263 230
262 231
261 232
260 233
259 234
258 235
257 236
256 237
255 238
254 238
253 238
252 238
251 238
250 238
249 238
248 237
247 236
246 235
245 234
244 233
243 232
242 231
241 230
240 229
239 228
238 227
237 226
236 225
235 224
234 223
233 222
232 221
231 220
230 219
229 218
228 217
227 216
226 217
225 216
224 215
223 214
222 213
221 212
220 211
219 210
218 209
217 208
217 207
217 206
217 205
217 204
217 203
216 202
215 201
226 218
226 219
225 220
224 221
223 222
222 223
221 224
220 225
219 226
218 227
217 228
216 229
216 230
216 231
216 232
216 233
216 234
216 235
216 236
216 237
216 238
216 239
216 240
216 241
216 242
216 243
215 244
214 245
213 246
212 246
211 246
210 246
209 247
208 248
207 249
206 250
205 251
204 250
203 249
202 248
201 248
200 248
199 248
198 248
197 248
196 248
195 248
194 248
193 248
192 247
191 246
190 245
189 244
188 243
187 242
186 241
185 240
184 239
183 239
182 240
181 241
180 242
179 243
178 244
177 245
176 246
175 247
174 247
173 247
172 246
171 245
170 244
175 248
175 249
175 250
175 251
175 252
174 253
173 254
172 255
171 256
170 257
184 238
185 237
186 236
187 235
188 234
189 233
190 232
191 231
192 230
193 229
192 228
191 227
190 226
189 225
188 224
187 223
186 222
185 221
185 220
185 219
185 218
185 217
185 216
185 215
185 214
185 213
184 212
183 212
182 211
181 210
180 209
179 208
178 207
177 208
176 209
175 210
174 211
173 212
172 213
171 214
170 215
169 216
168 217
167 218
166 219
165 220
164 221
163 220
162 219
161 218
160 217
159 216
158 215
157 214
156 213
155 212
154 212
153 211
152 212
151 212
150 213
149 214
148 215
147 216
146 217
145 218
144 219
143 220
142 221
141 222
140 221
139 220
138 219
137 218
136 217
135 216
134 215
133 215
132 215
131 215
130 215
129 215
128 215
127 215
126 216
125 217
124 218
123 219
122 220
121 221
120 222
119 222
118 222
117 222
116 222
115 222
114 222
113 221
112 220
111 219
110 218
109 217
108 216
107 215
106 214
105 213
104 212
103 211
104 210
105 209
106 208
107 207
108 206
109 205
110 204
111 203
112 202
112 201
111 200
110 199
109 198
109 197
109 196
109 195
108 194
107 193
106 192
105 191
104 190
113 201
114 201
115 201
116 201
117 200
118 199
119 198
120 197
121 196
122 195
123 194
124 193
113 222
113 223
113 224
113 225
112 226
111 227
110 228
109 229
108 230
107 231
106 232
105 233
104 234
103 234
102 234
101 234
100 235
99 236
98 237
97 238
96 239
95 240
94 241
93 240
92 239
91 238
90 237
90 236
89 235
88 234
87 233
86 232
85 231
84 230
83 229
83 228
82 227
82 226
82 225
82 224
81 223
80 223
79 222
78 221
77 220
76 219
75 218
74 217
73 216
72 215
71 214
70 213
69 212
68 211
67 211
66 210
65 209
64 208
68 210
69 209
70 208
71 207
72 206
73 205
74 204
75 203
76 202
77 201
78 200
79 199
78 198
77 197
76 196
75 195
74 194
73 193
72 192
71 191
70 190
69 189
68 188
67 187
66 186
65 185
64 184
63 183
62 182
61 181
60 180
59 179
58 178
57 177
56 176
55 176
54 175
53 174
52 173
51 172
50 171
49 170
48 169
47 168
46 167
45 166
44 165
43 164
42 163
41 162
40 161
39 160
39 159
39 158
38 157
37 157
36 157
35 157
34 157
33 157
32 158
31 159
30 160
39 156
39 157
40 155
41 154
42 153
43 152
43 151
42 150
41 149
40 148
39 147
38 146
37 145
36 145
35 144
34 143
33 142
32 141
31 140
30 139
37 144
38 143
39 142
40 141
41 140
42 139
43 138
44 137
45 136
46 135
47 134
48 133
49 132
50 131
51 130
52 129
53 128
54 127
53 126
52 125
52 124
52 123
52 122
52 121
52 120
51 119
51 118
50 117
49 116
49 115
48 114
47 113
46 112
45 111
44 110
43 109
42 108
41 107
40 108
39 109
38 109
37 109
36 108
35 107
34 106
33 105
32 104
31 103
30 102
29 101
28 100
27 99
26 98
27 97
28 96
29 95
30 94
31 93
32 92
33 91
34 90
35 89
35 88
35 87
35 86
35 85
34 84
33 83
32 82
33 81
34 80
35 79
36 78
37 77
38 76
39 75
40 74
41 73
42 72
42 71
42 70
42 69
41 68
40 67
39 67
38 67
37 67
36 66
35 65
34 64
33 63
32 62
31 61
41 66
42 65
43 64
44 63
45 62
43 72
44 73
45 74
46 75
47 76
48 77
49 76
50 75
51 74
52 73
53 72
54 71
55 70
56 69
57 69
58 69
59 69
60 69
61 68
62 67
63 68
64 69
65 70
66 71
67 72
68 73
69 74
70 75
71 76
72 77
72 78
72 79
72 80
71 81
70 81
69 82
68 83
67 84
66 85
72 81
73 77
74 76
75 75
76 74
77 73
78 72
78 71
78 70
78 69
79 68
80 67
81 66
79 73
80 74
81 75
82 76
83 77
84 77
85 78
86 79
87 80
88 81
89 82
90 83
91 84
92 85
93 86
94 87
95 88
96 89
97 89
98 89
98 90
98 91
99 92
100 93
101 94
102 95
103 96
104 97
105 98
99 89
100 89
101 88
102 87
103 86
104 85
105 84
106 83
107 82
108 81
109 80
110 79
110 78
110 77
109 76
108 75
107 74
106 73
105 72
104 71
103 70
102 69
111 77
112 77
113 77
114 78
115 79
116 80
117 79
118 78
118 77
118 76
119 75
120 74
121 73
122 72
123 71
119 79
120 80
121 81
122 82
123 83
124 84
125 85
126 86
127 87
128 88
129 88
129 89
128 90
127 91
126 92
130 88
131 88
132 88
133 88
134 88
135 88
136 88
137 88
138 88
139 88
140 89
141 90
142 91
143 92
144 91
145 90
146 89
147 88
148 87
149 86
149 85
148 84
147 83
147 82
147 81
147 80
147 79
147 78
147 77
147 76
146 75
145 74
150 86
151 87
152 88
153 89
154 90
155 91
156 92
157 91
158 90
159 89
160 88
161 87
162 87
163 87
164 87
165 86
165 85
165 84
165 83
166 82
167 81
167 80
167 79
167 78
166 77
165 87
165 88
166 89
167 90
168 91
169 92
170 93
171 94
172 95
173 96
174 95
175 94
176 93
177 92
178 91
179 90
180 89
181 88
182 87
183 86
184 85
185 84
186 84
187 84
188 83
188 82
188 81
188 80
187 79
188 84
189 85
190 86
191 87
192 88
193 89
194 90
195 91
196 92
197 93
198 92
198 93
198 94
197 95
197 96
197 97
196 98
195 99
194 100
199 95
200 96
201 97
202 98
203 99
204 100
199 91
200 90
201 89
202 88
203 87
204 86
205 85
206 84
207 83
208 82
209 83
210 84
211 85
212 86
213 87
214 88
215 89
216 90
217 91
218 92
219 93
220 94
221 95
222 96
223 96
223 97
223 98
223 99
224 100
224 96
225 95
226 94
227 93
228 92
229 91
230 90
230 89
230 88
230 87
230 86
230 85
229 84
231 91
232 92
233 93
234 94
235 95
236 96
237 97
238 98
239 99
240 100
241 101
242 102
243 103
244 104
245 105
246 106
247 105
248 104
249 103
249 102
250 101
251 100
252 99
252 98
252 97
252 96
251 95
251 94
251 93
251 92
251 91
251 90
250 89
249 88
248 87
247 86
253 99
254 100
255 99
255 100
256 101
257 102
258 103
259 104
260 105
261 106
262 107
263 108
256 98
257 97
258 96
259 95
260 94
261 93
262 92
263 91
264 90
265 89
266 88
37 110
37 111
36 112
35 113
34 114
33 115
32 116
31 117
30 118
50 115
51 114
52 113
53 112
54 111
55 110
56 109
57 108
58 107
59 106
60 105
44 152
45 152
46 152
47 152
48 151
49 150
50 149
51 148
57 179
56 180
55 181
54 182
53 183
52 184
51 185
50 186
49 187
48 188
47 189
46 190
45 191
44 190
43 189
42 188
41 187
40 186
39 185
38 184
37 183
36 182
35 181
34 180
33 179
32 179
31 179
30 179
75 194
76 194
77 193
78 192
79 191
80 190
81 189
82 188
82 223
83 222
84 221
85 220
83 230
82 231
81 232
80 233
79 234
78 235
77 236
76 237
75 238
74 239
73 240
72 240
71 240
70 239
69 238
68 237
67 236
66 235
65 234
64 233
63 232
62 231
61 232
60 233
59 234
58 235
57 236
56 237
55 237
54 237
53 237
52 237
51 237
50 237
49 237
48 237
47 236
46 235
45 234
44 233
43 232
42 231
41 230
40 229
39 228
38 227
37 226
36 226
35 226
34 227
33 228
32 229
31 230
30 231
37 225
38 224
39 223
40 222
40 221
40 220
40 219
41 218
42 217
42 216
41 215
40 214
39 213
38 212
37 211
36 210
35 209
34 208
33 207
32 206
31 205
30 204
29 203
43 216
103 235
104 236
105 237
106 238
107 239
108 240
109 241
110 242
111 243
141 223
141 224
141 225
141 226
141 227
141 228
141 229
141 230
141 231
141 232
141 233
141 234
140 235
139 236
138 237
137 238
136 239
135 240
134 241
133 242
139 238
140 239
141 239
142 240
143 241
144 242
145 243
146 244
147 245
148 246
153 212
153 210
153 209
153 208
153 207
152 206
151 205
150 204
149 203
148 202
147 201
146 201
145 200
144 199
143 198
142 197
147 200
147 199
147 198
148 197
149 196
150 195
178 206
178 205
178 204
178 203
177 202
176 201
175 200
174 199
173 198
185 211
185 210
185 209
186 208
187 207
188 206
189 205
190 204
191 203
192 202
193 201
194 200
185 212
194 229
195 229
192 248
191 249
190 250
216 244
217 245
218 246
219 247
220 248
221 249
222 250
223 251
224 252
227 217
228 215
229 214
230 213
231 212
232 211
233 210
234 209
235 208
236 207
237 206
238 205
239 204
240 203
241 202
242 201
243 200
244 200
245 200
246 200
247 201
248 202
249 203
250 204
251 205
252 206
253 206
254 205
254 204
254 203
255 202
256 201
257 200
258 199
259 198
254 206
254 207
254 208
254 209
254 210
255 211
256 212
257 213
258 214
259 215
248 238
247 239
246 240
245 241
244 242
244 243
244 244
245 245
246 246
247 247
248 248
249 249
250 250
251 251
252 252
253 253
254 254
255 255
256 256
255 257
254 258
253 259
252 260
251 261
250 262
249 263
248 264
247 265
246 265
245 264
248 265
249 265
250 266
251 267
252 268
253 269
254 270
255 271
256 272
255 273
254 274
253 275
252 276
251 277
250 278
249 279
248 280
247 281
257 272
258 272
259 272
260 272
261 273
262 274
263 275
264 276
265 277
266 278
267 279
268 280
269 281
270 282
271 283
272 284
273 285
274 286
275 287
276 288
276 289
275 290
274 291
273 292
272 293
271 294
270 295
269 296
268 297
267 298
266 299
265 300
264 300
263 300
262 300
261 300
260 301
259 302
258 303
257 304
256 305
255 306
254 305
253 304
252 303
251 302
254 306
253 307
252 308
251 309
250 310
249 311
248 312
248 313
247 314
246 315
245 316
244 317
243 318
242 319
241 320
240 321
239 322
238 323
237 324
236 325
235 326
234 327
233 328
232 329
231 330
230 331
229 332
228 332
227 332
226 332
225 331
224 330
223 329
222 328
221 329
220 330
219 331
218 332
217 333
216 334
215 334
214 334
213 334
212 334
211 334
210 334
209 333
208 332
207 331
206 330
205 329
204 328
203 327
202 326
201 325
200 324
199 323
198 322
197 321
196 320
195 321
194 322
193 322
192 322
191 322
190 322
189 322
188 322
187 323
186 324
185 324
184 323
183 322
182 321
181 320
180 319
179 318
178 317
177 316
176 315
185 325
185 326
185 327
185 328
184 329
183 330
182 331
181 332
181 333
181 334
181 335
180 336
179 336
178 336
177 337
176 338
175 339
174 340
173 341
172 342
197 319
197 320
209 334
208 335
207 336
206 337
205 338
204 339
203 340
202 341
201 342
200 343
199 344
198 345
197 346
228 333
228 334
228 335
228 336
227 337
227 338
227 339
227 340
227 341
227 342
226 343
225 344
224 345
223 346
222 347
221 348
220 349
219 350
227 343
227 344
228 345
229 346
230 347
231 348
232 349
249 313
250 314
251 315
252 316
253 317
254 318
255 319
256 320
257 321
258 322
259 323
260 324
261 324
262 325
263 326
264 327
265 327
265 328
264 329
263 330
262 331
261 332
260 333
259 334
258 335
257 336
256 337
255 338
254 339
253 340
266 327
267 327
268 327
269 328
270 329
271 330
272 331
273 332
274 333
275 333
276 333
277 333
278 333
279 333
280 333
281 333
282 332
283 331
282 334
283 335
284 336
285 337
286 338
285 339
284 340
283 341
282 342
281 343
280 344
279 345
278 346
277 347
276 348
275 349
274 350
273 351
272 352
271 353
271 354
271 355
271 356
270 357
269 358
268 359
267 360
266 361
265 362
264 363
263 364
262 364
261 364
260 364
259 364
258 364
257 364
256 364
255 364
254 364
253 364
252 364
251 363
264 364
265 365
266 366
272 357
273 358
274 359
275 360
276 361
277 362
278 363
279 364
280 365
281 366
282 367
283 368
286 339
287 339
288 340
289 341
290 342
291 343
292 344
293 345
294 346
295 347
294 348
293 349
296 348
297 349
298 350
299 351
300 352
301 351
302 350
303 349
304 348
305 347
306 346
307 345
308 344
309 343
310 342
310 341
309 340
308 339
307 338
306 337
305 337
304 337
303 337
302 337
301 337
300 336
299 335
298 334
307 336
308 335
309 334
310 333
311 332
312 331
313 330
314 329
315 328
315 327
315 326
315 325
316 324
317 323
318 322
319 321
320 320
321 319
311 342
312 343
313 344
314 345
315 346
316 347
317 348
318 349
301 353
302 354
303 355
304 356
305 357
306 358
307 359
308 360
309 361
310 362
309 363
308 364
307 365
306 366
305 367
304 368
303 369
310 363
310 364
311 365
312 366
313 367
314 368
315 369
316 370
266 301
267 302
268 302
269 302
270 302
271 303
272 304
273 305
274 306
275 307
276 308
277 309
278 310
279 310
280 310
281 310
282 310
283 310
284 310
285 310
286 310
287 309
288 308
289 307
290 307
291 307
292 307
293 307
294 307
294 308
295 309
296 310
297 311
298 312
299 313
300 314
295 306
296 305
297 304
298 303
299 302
300 301
301 300
302 299
303 298
304 297
305 296
306 295
307 294
306 293
305 292
304 291
303 290
302 289
301 288
300 287
299 286
298 286
297 287
296 288
299 285
300 284
301 283
302 282
302 281
302 280
302 279
302 278
301 277
300 276
299 275
298 274
297 273
296 272
295 271
294 270
293 269
292 268
291 267
290 266
289 265
288 264
287 263
286 262
285 261
284 260
283 259
282 258
281 257
280 256
279 256
278 256
277 256
276 256
275 256
274 257
281 255
282 254
283 254
284 253
285 252
286 251
287 250
288 249
289 248
303 278
304 277
305 276
306 275
307 274
308 273
309 274
310 275
311 276
312 277
313 278
314 279
315 280
316 281
317 281
318 281
319 281
320 281
320 282
320 283
320 284
321 285
322 286
322 287
322 288
322 289
322 290
322 291
322 292
322 293
322 294
322 295
323 296
324 297
325 298
321 280
322 279
323 278
324 277
325 276
326 275
327 274
328 273
329 272
330 271
288 219
289 219
290 219
291 219
292 219
293 219
294 219
295 219
296 218
297 217
298 216
299 217
300 218
301 219
302 220
302 221
302 222
302 223
302 224
302 225
302 226
302 227
302 228
302 229
302 230
302 231
303 232
304 233
305 234
306 235
307 236
308 237
309 238
310 239
311 240
312 240
313 240
313 241
314 242
315 243
315 244
315 245
314 246
313 247
312 248
311 249
310 250
309 251
308 252
316 244
317 245
318 246
319 247
320 248
321 249
322 250
323 251
324 252
325 252
326 252
327 252
328 252
329 251
329 250
330 249
331 248
332 247
333 246
334 245
335 244
336 243
337 242
338 241
339 240
340 239
340 238
341 237
341 236
341 235
342 234
343 233
344 232
345 231
340 240
341 241
342 242
343 243
344 244
345 245
346 246
347 247
348 248
349 249
350 250
351 251
352 252
353 252
354 252
355 252
356 252
357 252
358 252
359 252
360 252
361 251
362 250
362 251
362 252
362 253
363 254
364 255
365 256
366 257
367 258
368 259
369 260
370 261
371 262
372 263
373 262
374 261
375 260
376 259
377 258
378 257
379 256
380 255
381 254
382 253
383 252
384 253
385 254
386 255
387 256
388 257
389 258
390 259
391 260
392 261
393 261
393 262
393 263
392 264
391 265
390 266
394 260
395 259
396 258
397 257
398 256
399 255
400 254
401 255
402 256
403 257
404 258
405 259
406 260
406 261
406 262
406 263
405 264
404 265
405 265
406 266
407 267
408 268
407 261
408 261
409 260
410 259
411 258
412 257
413 256
414 255
415 254
416 253
417 252
418 253
419 254
420 255
421 256
422 257
423 258
424 259
425 260
425 261
425 262
425 263
425 264
425 265
425 266
425 267
426 268
427 269
428 270
429 271
426 259
427 258
428 258
429 257
430 256
431 255
432 254
433 253
434 252
435 251
436 250
437 249
438 248
439 248
440 249
441 250
442 251
443 252
444 253
445 254
446 255
447 256
448 257
449 258
450 259
451 260
452 261
453 260
454 259
455 258
456 257
457 256
458 256
459 256
460 256
461 256
462 256
463 256
464 256
465 256
466 256
467 256
468 256
469 256
470 256
471 256
472 256
473 256
474 256
475 256
476 256
477 256
478 256
479 256
480 256
481 257
482 258
483 259
484 260
485 261
486 262
486 263
486 264
486 265
486 266
486 267
486 268
486 269
487 270
488 271
489 272
490 273
491 274
492 275
491 276
490 277
489 278
488 279
487 280
486 281
485 282
484 282
487 265
488 265
489 264
490 263
491 262
492 261
493 260
494 259
495 258
496 257
497 256
498 255
499 254
500 253
501 252
502 251
503 250
504 249
505 248
506 247
507 246
508 245
509 244
509 243
508 242
507 241
506 240
505 239
504 238
503 237
502 236
501 235
500 234
499 233
498 232
497 231
496 231
495 231
494 230
493 231
492 231
491 231
490 232
489 233
488 234
487 235
486 236
485 237
494 231
495 229
496 228
497 227
498 226
499 225
500 224
501 223
502 222
503 221
504 220
505 219
506 218
507 217
508 216
509 215
510 214
511 213
512 212
513 211
514 210
515 209
515 208
515 207
515 206
515 205
515 204
515 203
515 202
515 201
515 200
515 199
515 198
515 197
515 196
515 195
515 194
515 193
515 192
516 191
517 190
518 189
519 188
519 187
520 186
521 185
522 184
523 183
524 182
525 181
526 180
527 179
528 178
529 177
530 176
531 175
532 174
533 173
534 172
535 171
536 170
537 169
538 168
539 168
540 167
540 166
540 165
540 164
540 163
540 162
540 161
540 160
540 159
540 158
540 157
540 156
540 155
539 154
538 153
537 152
536 151
535 150
534 149
533 148
532 147
531 146
530 145
529 144
528 143
527 142
526 141
525 140
524 139
523 138
522 137
521 136
520 135
519 134
518 133
517 132
516 131
515 130
514 129
513 128
512 127
511 126
510 125
509 124
508 123
507 122
506 121
505 120
505 119
504 118
503 117
502 116
501 115
500 114
499 113
498 112
497 111
496 110
495 109
494 108
493 107
492 106
506 118
507 117
508 116
509 115
540 168
510 243
511 244
512 245
513 246
514 247
515 248
516 249
517 250
517 251
517 252
517 253
517 254
517 255
517 256
517 257
517 258
517 259
517 260
517 261
518 262
519 263
519 264
519 265
520 266
521 267
522 268
523 269
522 270
521 271
520 272
519 273
519 274
519 275
519 276
519 277
519 278
519 279
519 280
519 281
519 282
518 283
517 284
516 285
515 286
514 287
520 282
521 282
522 283
523 284
518 250
519 249
520 248
521 247
329 252
330 253
331 254
314 239
315 238
316 237
317 236
318 235
319 234
320 233
321 232
322 231
323 230
324 229
303 220
304 220
305 219
306 218
307 217
308 216
309 215
310 214
311 213
312 212
313 211
314 210
315 209
316 208
317 207
317 206
317 205
316 204
315 203
314 202
313 201
312 200
311 199
310 198
309 197
308 196
307 195
306 194
305 193
304 192
318 207
319 207
320 207
321 207
322 207
323 207
324 207
325 207
326 208
327 207
328 206
329 205
330 204
331 203
332 203
333 203
334 202
335 201
336 200
336 201
337 201
338 202
339 203
340 204
341 205
342 206
343 207
344 208
345 209
346 210
337 199
338 198
339 197
338 196
337 195
336 194
335 193
334 192
333 191
332 190
331 189
330 188
329 187
328 186
327 185
328 184
329 183
330 182
331 181
332 180
333 179
334 178
333 177
332 177
331 177
330 176
330 175
330 174
330 173
330 172
330 171
330 170
330 169
330 168
330 167
329 166
328 165
327 164
326 163
325 162
324 161
323 160
322 159
321 158
320 157
319 156
318 155
318 156
318 157
317 158
316 159
315 160
314 161
313 162
312 162
311 163
310 164
309 165
308 166
307 167
306 168
305 169
319 154
319 153
318 152
317 151
316 150
315 149
314 148
313 147
314 146
315 145
314 144
313 143
312 142
311 141
310 142
309 143
308 144
307 145
306 146
305 147
304 148
303 149
311 140
311 139
310 138
309 137
308 136
307 135
306 134
305 133
306 132
307 131
308 130
309 129
310 128
311 127
312 126
313 125
314 124
315 123
316 122
317 121
318 120
319 119
320 118
320 117
319 116
318 115
317 114
316 113
315 112
314 111
313 110
312 109
311 108
310 107
309 106
308 105
307 105
306 104
305 103
304 103
303 102
302 103
301 102
300 101
299 100
298 99
297 98
296 97
295 97
294 96
293 95
292 94
291 93
290 92
289 91
288 90
287 89
296 98
296 99
295 100
294 101
293 102
292 103
291 104
290 105
289 106
288 107
303 103
304 101
305 100
306 99
307 98
308 97
309 96
310 95
311 94
321 117
322 117
323 117
324 117
325 117
326 117
327 117
328 117
329 117
330 117
331 117
332 116
333 115
334 114
335 113
336 112
337 111
338 110
339 109
340 108
341 107
341 106
341 105
340 104
339 103
338 102
337 101
336 100
335 99
334 98
333 97
332 96
341 108
342 108
343 108
343 109
344 110
345 111
346 112
347 113
348 114
349 115
350 116
351 117
352 118
353 119
344 107
345 106
346 105
347 104
348 103
349 102
350 101
351 100
352 99
353 98
319 152
320 151
321 150
322 149
323 148
324 147
325 146
326 145
327 144
328 143
329 142
330 141
331 140
332 141
333 142
334 143
335 144
336 145
337 146
338 147
339 148
340 149
341 150
342 150
343 150
343 151
343 152
343 153
343 154
344 155
345 156
346 157
347 158
348 159
349 160
350 161
349 162
348 163
348 164
348 165
348 166
348 167
344 149
345 148
346 147
347 146
348 145
349 144
350 143
351 142
352 141
334 177
340 196
341 195
342 194
343 193
344 192
345 191
346 190
347 189
348 188
190
288 107
106 83
289 248
111 243
143 92
429 271
266 88
148 246
408 268
62 231
300 314
514 287
305 169
303 149
259 215
279 209
256 256
224 252
173 96
31 61
32 82
190 250
143 220
173 198
332 96
331 117
327 185
348 188
325 298
304 192
142 197
352 141
327 164
224 100
29 203
372 263
353 98
353 119
82 188
331 140
452 261
287 309
238 205
104 190
30 139
30 118
197 346
321 319
331 254
164 221
316 370
66 85
64 208
85 220
346 210
326 208
172 342
176 315
350 161
201 325
208 82
509 115
521 136
124 218
492 275
499 254
499 233
253 340
256 320
318 349
145 74
194 200
215 201
232 349
222 328
324 229
345 231
237 226
251 302
216 229
247 86
195 229
276 230
187 79
133 242
45 191
166 77
30 179
89 82
257 236
103 211
66 186
530 176
287 89
263 108
288 264
311 94
126 92
269 281
283 331
124 193
302 231
94 241
305 133
308 273
204 100
170 244
251 363
229 84
417 252
73 240
296 288
43 216
480 256
322 286
81 66
246 106
390 266
102 69
60 105
185 221
298 216
235 326
362 250
275 349
383 252
247 281
523 284
315 328
523 269
30 160
123 71
521 247
49 170
484 282
205 251
311 213
54 127
45 62
322 250
283 368
41 107
303 369
219 350
51 148
519 188
170 257
318 115
194 100
352 252
150 195
506 218
540 168
278 310
438 248
273 332
245 264
180 336
307 294
276 289
330 271
26 98
308 252
41 154
217 208
515 204
197 319
244 242
274 257
259 198
302 350
62 67
400 254
307 105
492 106
48 237
106 232
348 167
105 98
267 302
293 349
485 237
48 77
30 231
328 143
298 334
122 82
79 199
156 92
266 366
